Scalability Evaluation - Context sweep capability with 20 context set
Beginning ContextSweep evaluation
Test with 100 nodes.
Test with 10 contexts.
Model 0...
Model 1...
Model 2...
Model 3...
Model 4...
Model 5...
Model 6...
Model 7...
Model 8...
Model 9...
ContextSweep: 100 10 2159
Test with 200 nodes.
Test with 10 contexts.
Model 0...
Model 1...
Model 2...
Model 3...
Model 4...
Model 5...
Model 6...
Model 7...
Model 8...
Model 9...
ContextSweep: 200 10 4287
Test with 300 nodes.
Test with 10 contexts.
Model 0...
Model 1...
Model 2...
Model 3...
Model 4...
Model 5...
Model 6...
Model 7...
Model 8...
Model 9...
ContextSweep: 300 10 5763
Test with 400 nodes.
Test with 10 contexts.
Model 0...
Model 1...
Model 2...
Model 3...
Model 4...
Model 5...
Model 6...
Model 7...
Model 8...
Model 9...
ContextSweep: 400 10 7759
Test with 500 nodes.
Test with 10 contexts.
Model 0...
Model 1...
Model 2...
Model 3...
Model 4...
Model 5...
Model 6...
Model 7...
Model 8...
Model 9...
ContextSweep: 500 10 9828
Test with 600 nodes.
Test with 10 contexts.
Model 0...
Model 1...
Model 2...
Model 3...
Model 4...
Model 5...
Model 6...
Model 7...
Model 8...
Model 9...
ContextSweep: 600 10 12191
Test with 700 nodes.
Test with 10 contexts.
Model 0...
Model 1...
Model 2...
Model 3...
Model 4...
Model 5...
Model 6...
Model 7...
Model 8...
Model 9...
ContextSweep: 700 10 14506
Test with 800 nodes.
Test with 10 contexts.
Model 0...
Model 1...
Model 2...
Model 3...
Model 4...
Model 5...
Model 6...
Model 7...
Model 8...
Model 9...
ContextSweep: 800 10 17411
Test with 900 nodes.
Test with 10 contexts.
Model 0...
Model 1...
Model 2...
Model 3...
Model 4...
Model 5...
Model 6...
Model 7...
Model 8...
Model 9...
ContextSweep: 900 10 20309
Test with 1000 nodes.
Test with 10 contexts.
Model 0...
Model 1...
Model 2...
Model 3...
Model 4...
Model 5...
Model 6...
Model 7...
Model 8...
Model 9...
ContextSweep: 1000 10 23804
Test with 1100 nodes.
Test with 10 contexts.
Model 0...
Model 1...
Model 2...
Model 3...
Model 4...
Model 5...
Model 6...
Model 7...
Model 8...
Model 9...
ContextSweep: 1100 10 25624
Test with 1200 nodes.
Test with 10 contexts.
Model 0...
Model 1...
Model 2...
Model 3...
Model 4...
Model 5...
Model 6...
Model 7...
Model 8...
Model 9...
ContextSweep: 1200 10 25007
Test with 1300 nodes.
Test with 10 contexts.
Model 0...
Model 1...
Model 2...
Model 3...
Model 4...
Model 5...
Model 6...
Model 7...
Model 8...
Model 9...
ContextSweep: 1300 10 26915
Test with 1400 nodes.
Test with 10 contexts.
Model 0...
Model 1...
Model 2...
Model 3...
Model 4...
Model 5...
Model 6...
Model 7...
Model 8...
Model 9...
ContextSweep: 1400 10 30097
Test with 1500 nodes.
Test with 10 contexts.
Model 0...
Model 1...
Model 2...
Model 3...
Model 4...
Model 5...
Model 6...
Model 7...
Model 8...
Model 9...
ContextSweep: 1500 10 28289
Test with 1600 nodes.
Test with 10 contexts.
Model 0...
Model 1...
Model 2...
Model 3...
Model 4...
Model 5...
Model 6...
Model 7...
Model 8...
Model 9...
ContextSweep: 1600 10 35041
Test with 1700 nodes.
Test with 10 contexts.
Model 0...
Model 1...
Model 2...
Model 3...
Model 4...
Model 5...
Model 6...
Model 7...
Model 8...
Model 9...
ContextSweep: 1700 10 35237
Test with 1800 nodes.
Test with 10 contexts.
Model 0...
Model 1...
Model 2...
Model 3...
Model 4...
Model 5...
Model 6...
Model 7...
Model 8...
Model 9...
ContextSweep: 1800 10 40306
Test with 1900 nodes.
Test with 10 contexts.
Model 0...
Model 1...
Model 2...
Model 3...
Model 4...
Model 5...
Model 6...
Model 7...
Model 8...
Model 9...
ContextSweep: 1900 10 37156
Test with 2000 nodes.
Test with 10 contexts.
Model 0...
Model 1...
Model 2...
Model 3...
Model 4...
Model 5...
Model 6...
Model 7...
Model 8...
Model 9...
ContextSweep: 2000 10 44005
Test with 2100 nodes.
Test with 10 contexts.
Model 0...
Model 1...
Model 2...
Model 3...
Model 4...
Model 5...
Model 6...
Model 7...
Model 8...
Model 9...
ContextSweep: 2100 10 46740
Test with 2200 nodes.
Test with 10 contexts.
Model 0...
Model 1...
Model 2...
Model 3...
Model 4...
Model 5...
Model 6...
Model 7...
Model 8...
Model 9...
ContextSweep: 2200 10 52012
Test with 2300 nodes.
Test with 10 contexts.
Model 0...
Model 1...
Model 2...
Model 3...
Model 4...
Model 5...
Model 6...
Model 7...
Model 8...
Model 9...
ContextSweep: 2300 10 47726
Test with 2400 nodes.
Test with 10 contexts.
Model 0...
Model 1...
Model 2...
Model 3...
Model 4...
Model 5...
Model 6...
Model 7...
Model 8...
Model 9...
ContextSweep: 2400 10 57338
Test with 2500 nodes.
Test with 10 contexts.
Model 0...
Model 1...
Model 2...
Model 3...
Model 4...
Model 5...
Model 6...
Model 7...
Model 8...
Model 9...
ContextSweep: 2500 10 61268
Test with 2600 nodes.
Test with 10 contexts.
Model 0...
Model 1...
Model 2...
Model 3...
Model 4...
Model 5...
Model 6...
Model 7...
Model 8...
Model 9...
ContextSweep: 2600 10 49929
Test with 2700 nodes.
Test with 10 contexts.
Model 0...
Model 1...
Model 2...
Model 3...
Model 4...
Model 5...
Model 6...
Model 7...
Model 8...
Model 9...
ContextSweep: 2700 10 63255
Test with 2800 nodes.
Test with 10 contexts.
Model 0...
Model 1...
Model 2...
Model 3...
Model 4...
Model 5...
Model 6...
Model 7...
Model 8...
Model 9...
ContextSweep: 2800 10 72514
Test with 2900 nodes.
Test with 10 contexts.
Model 0...
Model 1...
Model 2...
Model 3...
Model 4...
Model 5...
Model 6...
Model 7...
Model 8...
Model 9...
ContextSweep: 2900 10 63900
Test with 3000 nodes.
Test with 10 contexts.
Model 0...
Model 1...
Model 2...
Model 3...
Model 4...
Model 5...
Model 6...
Model 7...
Model 8...
Model 9...
ContextSweep: 3000 10 61796
Test with 3100 nodes.
Test with 10 contexts.
Model 0...
Model 1...
Model 2...
Model 3...
Model 4...
Model 5...
Model 6...
Model 7...
Model 8...
Model 9...
ContextSweep: 3100 10 81802
Test with 3200 nodes.
Test with 10 contexts.
Model 0...
Model 1...
Model 2...
Model 3...
Model 4...
Model 5...
Model 6...
Model 7...
Model 8...
Model 9...
ContextSweep: 3200 10 72423
Test with 3300 nodes.
Test with 10 contexts.
Model 0...
Model 1...
Model 2...
Model 3...
Model 4...
Model 5...
Model 6...
Model 7...
Model 8...
Model 9...
ContextSweep: 3300 10 71372
Test with 3400 nodes.
Test with 10 contexts.
Model 0...
Model 1...
Model 2...
Model 3...
Model 4...
Model 5...
Model 6...
Model 7...
Model 8...
Model 9...
ContextSweep: 3400 10 74502
Test with 3500 nodes.
Test with 10 contexts.
Model 0...
Model 1...
Model 2...
Model 3...
Model 4...
Model 5...
Model 6...
Model 7...
Model 8...
Model 9...
ContextSweep: 3500 10 69676
Test with 3600 nodes.
Test with 10 contexts.
Model 0...
Model 1...
Model 2...
Model 3...
Model 4...
Model 5...
Model 6...
Model 7...
Model 8...
Model 9...
ContextSweep: 3600 10 84635
Test with 3700 nodes.
Test with 10 contexts.
Model 0...
Model 1...
Model 2...
Model 3...
Model 4...
Model 5...
Model 6...
Model 7...
Model 8...
Model 9...
ContextSweep: 3700 10 87350
Test with 3800 nodes.
Test with 10 contexts.
Model 0...
Model 1...
Model 2...
Model 3...
Model 4...
Model 5...
Model 6...
Model 7...
Model 8...
Model 9...
ContextSweep: 3800 10 71691
Test with 3900 nodes.
Test with 10 contexts.
Model 0...
Model 1...
Model 2...
Model 3...
Model 4...
Model 5...
Model 6...
Model 7...
Model 8...
Model 9...
ContextSweep: 3900 10 84877
Test with 4000 nodes.
Test with 10 contexts.
Model 0...
Model 1...
Model 2...
Model 3...
Model 4...
Model 5...
Model 6...
Model 7...
Model 8...
Model 9...
ContextSweep: 4000 10 90600
Test with 4100 nodes.
Test with 10 contexts.
Model 0...
Model 1...
Model 2...
Model 3...
Model 4...
Model 5...
Model 6...
Model 7...
Model 8...
Model 9...
ContextSweep: 4100 10 89745
Test with 4200 nodes.
Test with 10 contexts.
Model 0...
Model 1...
Model 2...
Model 3...
Model 4...
Model 5...
Model 6...
Model 7...
Model 8...
Model 9...
ContextSweep: 4200 10 82017
Test with 4300 nodes.
Test with 10 contexts.
Model 0...
Model 1...
Model 2...
Model 3...
Model 4...
Model 5...
Model 6...
Model 7...
Model 8...
Model 9...
ContextSweep: 4300 10 97327
Test with 4400 nodes.
Test with 10 contexts.
Model 0...
Model 1...
Model 2...
Model 3...
Model 4...
Model 5...
Model 6...
Model 7...
Model 8...
Model 9...
ContextSweep: 4400 10 104018
Test with 4500 nodes.
Test with 10 contexts.
Model 0...
Model 1...
Model 2...
Model 3...
Model 4...
Model 5...
Model 6...
Model 7...
Model 8...
Model 9...
ContextSweep: 4500 10 92277
Test with 4600 nodes.
Test with 10 contexts.
Model 0...
Model 1...
Model 2...
Model 3...
Model 4...
Model 5...
Model 6...
Model 7...
Model 8...
Model 9...
ContextSweep: 4600 10 84008
Test with 4700 nodes.
Test with 10 contexts.
Model 0...
Model 1...
Model 2...
Model 3...
Model 4...
Model 5...
Model 6...
Model 7...
Model 8...
Model 9...
ContextSweep: 4700 10 104243
Test with 4800 nodes.
Test with 10 contexts.
Model 0...
Model 1...
Model 2...
Model 3...
Model 4...
Model 5...
Model 6...
Model 7...
Model 8...
Model 9...
ContextSweep: 4800 10 101704
Test with 4900 nodes.
Test with 10 contexts.
Model 0...
Model 1...
Model 2...
Model 3...
Model 4...
Model 5...
Model 6...
Model 7...
Model 8...
Model 9...
ContextSweep: 4900 10 99265
Test with 5000 nodes.
Test with 10 contexts.
Model 0...
Model 1...
Model 2...
Model 3...
Model 4...
Model 5...
Model 6...
Model 7...
Model 8...
Model 9...
ContextSweep: 5000 10 108594
Test with 5100 nodes.
Test with 10 contexts.
Model 0...
Model 1...
Model 2...
Model 3...
Model 4...
Model 5...
Model 6...
Model 7...
Model 8...
Model 9...
ContextSweep: 5100 10 99243
Test with 5200 nodes.
Test with 10 contexts.
Model 0...
Model 1...
Model 2...
Model 3...
Model 4...
Model 5...
Model 6...
Model 7...
Model 8...
Model 9...
ContextSweep: 5200 10 120499
Test with 5300 nodes.
Test with 10 contexts.
Model 0...
Model 1...
Model 2...
Model 3...
Model 4...
Model 5...
Model 6...
Model 7...
Model 8...
Model 9...
ContextSweep: 5300 10 129015
Test with 5400 nodes.
Test with 10 contexts.
Model 0...
Model 1...
Model 2...
Model 3...
Model 4...
Model 5...
Model 6...
Model 7...
Model 8...
Model 9...
ContextSweep: 5400 10 118923
Test with 5500 nodes.
Test with 10 contexts.
Model 0...
Model 1...
Model 2...
Model 3...
Model 4...
Model 5...
Model 6...
Model 7...
Model 8...
Model 9...
ContextSweep: 5500 10 113239
Test with 5600 nodes.
Test with 10 contexts.
Model 0...
Model 1...
Model 2...
Model 3...
Model 4...
Model 5...
Model 6...
Model 7...
Model 8...
Model 9...
ContextSweep: 5600 10 114554
Test with 5700 nodes.
Test with 10 contexts.
Model 0...
Model 1...
Model 2...
Model 3...
Model 4...
Model 5...
Model 6...
Model 7...
Model 8...
Model 9...
ContextSweep: 5700 10 133332
Test with 5800 nodes.
Test with 10 contexts.
Model 0...
Model 1...
Model 2...
Model 3...
Model 4...
Model 5...
Model 6...
Model 7...
Model 8...
Model 9...
ContextSweep: 5800 10 128597
Test with 5900 nodes.
Test with 10 contexts.
Model 0...
Model 1...
Model 2...
Model 3...
Model 4...
Model 5...
Model 6...
Model 7...
Model 8...
Model 9...
ContextSweep: 5900 10 141645
Test with 6000 nodes.
Test with 10 contexts.
Model 0...
Model 1...
Model 2...
Model 3...
Model 4...
Model 5...
Model 6...
Model 7...
Model 8...
Model 9...
ContextSweep: 6000 10 143424
