2016-07-27 21:04:08,913 [main] TRACE experiment.runtime.SensitivityAnalysis.SensitivityAnalysisEvaluation - Beginning InterleavedAND evaluation 
2016-07-27 21:04:10,596 [main] TRACE experiment.runtime.SensitivityAnalysis.SensitivityAnalysisEvaluation - InterleavedAND: 500 1 32 
2016-07-27 21:04:13,049 [main] TRACE experiment.runtime.SensitivityAnalysis.SensitivityAnalysisEvaluation - InterleavedAND: 1000 1 48 
2016-07-27 21:04:16,243 [main] TRACE experiment.runtime.SensitivityAnalysis.SensitivityAnalysisEvaluation - InterleavedAND: 1500 1 62 
2016-07-27 21:04:21,681 [main] TRACE experiment.runtime.SensitivityAnalysis.SensitivityAnalysisEvaluation - InterleavedAND: 2000 1 106 
2016-07-27 21:04:28,223 [main] TRACE experiment.runtime.SensitivityAnalysis.SensitivityAnalysisEvaluation - InterleavedAND: 2500 1 128 
2016-07-27 21:04:35,398 [main] TRACE experiment.runtime.SensitivityAnalysis.SensitivityAnalysisEvaluation - InterleavedAND: 3000 1 140 
2016-07-27 21:04:45,179 [main] TRACE experiment.runtime.SensitivityAnalysis.SensitivityAnalysisEvaluation - InterleavedAND: 3500 1 191 
2016-07-27 21:04:58,256 [main] TRACE experiment.runtime.SensitivityAnalysis.SensitivityAnalysisEvaluation - InterleavedAND: 4000 1 255 
2016-07-27 21:05:11,977 [main] TRACE experiment.runtime.SensitivityAnalysis.SensitivityAnalysisEvaluation - InterleavedAND: 4500 1 269 
2016-07-27 21:05:26,411 [main] TRACE experiment.runtime.SensitivityAnalysis.SensitivityAnalysisEvaluation - InterleavedAND: 5000 1 282 
2016-07-27 21:05:41,664 [main] TRACE experiment.runtime.SensitivityAnalysis.SensitivityAnalysisEvaluation - InterleavedAND: 5500 1 299 
2016-07-27 21:05:57,591 [main] TRACE experiment.runtime.SensitivityAnalysis.SensitivityAnalysisEvaluation - InterleavedAND: 6000 1 312 
2016-07-27 21:06:16,113 [main] TRACE experiment.runtime.SensitivityAnalysis.SensitivityAnalysisEvaluation - InterleavedAND: 6500 1 363 
2016-07-27 21:06:37,901 [main] TRACE experiment.runtime.SensitivityAnalysis.SensitivityAnalysisEvaluation - InterleavedAND: 7000 1 427 
2016-07-27 21:07:03,499 [main] TRACE experiment.runtime.SensitivityAnalysis.SensitivityAnalysisEvaluation - InterleavedAND: 7500 1 501 
2016-07-27 21:07:31,317 [main] TRACE experiment.runtime.SensitivityAnalysis.SensitivityAnalysisEvaluation - InterleavedAND: 8000 1 545 
2016-07-27 21:08:00,976 [main] TRACE experiment.runtime.SensitivityAnalysis.SensitivityAnalysisEvaluation - InterleavedAND: 8500 1 581 
2016-07-27 21:08:30,883 [main] TRACE experiment.runtime.SensitivityAnalysis.SensitivityAnalysisEvaluation - InterleavedAND: 9000 1 586 
2016-07-27 21:09:02,708 [main] TRACE experiment.runtime.SensitivityAnalysis.SensitivityAnalysisEvaluation - InterleavedAND: 9500 1 624 
2016-07-27 21:09:35,813 [main] TRACE experiment.runtime.SensitivityAnalysis.SensitivityAnalysisEvaluation - InterleavedAND: 10000 1 647 
2016-07-27 21:09:37,399 [main] TRACE experiment.runtime.SensitivityAnalysis.SensitivityAnalysisEvaluation - InterleavedAND: 500 2 31 
2016-07-27 21:09:40,869 [main] TRACE experiment.runtime.SensitivityAnalysis.SensitivityAnalysisEvaluation - InterleavedAND: 1000 2 68 
2016-07-27 21:09:45,390 [main] TRACE experiment.runtime.SensitivityAnalysis.SensitivityAnalysisEvaluation - InterleavedAND: 1500 2 88 
2016-07-27 21:09:53,429 [main] TRACE experiment.runtime.SensitivityAnalysis.SensitivityAnalysisEvaluation - InterleavedAND: 2000 2 157 
2016-07-27 21:10:02,419 [main] TRACE experiment.runtime.SensitivityAnalysis.SensitivityAnalysisEvaluation - InterleavedAND: 2500 2 176 
2016-07-27 21:10:13,001 [main] TRACE experiment.runtime.SensitivityAnalysis.SensitivityAnalysisEvaluation - InterleavedAND: 3000 2 207 
2016-07-27 21:10:27,282 [main] TRACE experiment.runtime.SensitivityAnalysis.SensitivityAnalysisEvaluation - InterleavedAND: 3500 2 280 
2016-07-27 21:10:46,051 [main] TRACE experiment.runtime.SensitivityAnalysis.SensitivityAnalysisEvaluation - InterleavedAND: 4000 2 368 
2016-07-27 21:11:05,733 [main] TRACE experiment.runtime.SensitivityAnalysis.SensitivityAnalysisEvaluation - InterleavedAND: 4500 2 386 
2016-07-27 21:11:26,590 [main] TRACE experiment.runtime.SensitivityAnalysis.SensitivityAnalysisEvaluation - InterleavedAND: 5000 2 409 
2016-07-27 21:11:48,637 [main] TRACE experiment.runtime.SensitivityAnalysis.SensitivityAnalysisEvaluation - InterleavedAND: 5500 2 432 
2016-07-27 21:12:11,619 [main] TRACE experiment.runtime.SensitivityAnalysis.SensitivityAnalysisEvaluation - InterleavedAND: 6000 2 451 
2016-07-27 21:12:37,930 [main] TRACE experiment.runtime.SensitivityAnalysis.SensitivityAnalysisEvaluation - InterleavedAND: 6500 2 515 
2016-07-27 21:13:09,607 [main] TRACE experiment.runtime.SensitivityAnalysis.SensitivityAnalysisEvaluation - InterleavedAND: 7000 2 619 
2016-07-27 21:13:45,050 [main] TRACE experiment.runtime.SensitivityAnalysis.SensitivityAnalysisEvaluation - InterleavedAND: 7500 2 695 
2016-07-27 21:14:25,017 [main] TRACE experiment.runtime.SensitivityAnalysis.SensitivityAnalysisEvaluation - InterleavedAND: 8000 2 782 
2016-07-27 21:15:07,678 [main] TRACE experiment.runtime.SensitivityAnalysis.SensitivityAnalysisEvaluation - InterleavedAND: 8500 2 836 
2016-07-27 21:15:51,779 [main] TRACE experiment.runtime.SensitivityAnalysis.SensitivityAnalysisEvaluation - InterleavedAND: 9000 2 862 
2016-07-27 21:16:36,372 [main] TRACE experiment.runtime.SensitivityAnalysis.SensitivityAnalysisEvaluation - InterleavedAND: 9500 2 875 
2016-07-27 21:17:22,623 [main] TRACE experiment.runtime.SensitivityAnalysis.SensitivityAnalysisEvaluation - InterleavedAND: 10000 2 906 
2016-07-27 21:17:24,565 [main] TRACE experiment.runtime.SensitivityAnalysis.SensitivityAnalysisEvaluation - InterleavedAND: 500 3 37 
2016-07-27 21:17:29,118 [main] TRACE experiment.runtime.SensitivityAnalysis.SensitivityAnalysisEvaluation - InterleavedAND: 1000 3 89 
2016-07-27 21:17:34,975 [main] TRACE experiment.runtime.SensitivityAnalysis.SensitivityAnalysisEvaluation - InterleavedAND: 1500 3 114 
2016-07-27 21:17:45,186 [main] TRACE experiment.runtime.SensitivityAnalysis.SensitivityAnalysisEvaluation - InterleavedAND: 2000 3 199 
2016-07-27 21:17:56,595 [main] TRACE experiment.runtime.SensitivityAnalysis.SensitivityAnalysisEvaluation - InterleavedAND: 2500 3 223 
2016-07-27 21:18:09,867 [main] TRACE experiment.runtime.SensitivityAnalysis.SensitivityAnalysisEvaluation - InterleavedAND: 3000 3 260 
2016-07-27 21:18:28,215 [main] TRACE experiment.runtime.SensitivityAnalysis.SensitivityAnalysisEvaluation - InterleavedAND: 3500 3 360 
2016-07-27 21:18:51,689 [main] TRACE experiment.runtime.SensitivityAnalysis.SensitivityAnalysisEvaluation - InterleavedAND: 4000 3 459 
2016-07-27 21:19:17,637 [main] TRACE experiment.runtime.SensitivityAnalysis.SensitivityAnalysisEvaluation - InterleavedAND: 4500 3 508 
2016-07-27 21:19:44,483 [main] TRACE experiment.runtime.SensitivityAnalysis.SensitivityAnalysisEvaluation - InterleavedAND: 5000 3 526 
2016-07-27 21:20:12,328 [main] TRACE experiment.runtime.SensitivityAnalysis.SensitivityAnalysisEvaluation - InterleavedAND: 5500 3 545 
2016-07-27 21:20:41,890 [main] TRACE experiment.runtime.SensitivityAnalysis.SensitivityAnalysisEvaluation - InterleavedAND: 6000 3 580 
2016-07-27 21:21:16,600 [main] TRACE experiment.runtime.SensitivityAnalysis.SensitivityAnalysisEvaluation - InterleavedAND: 6500 3 679 
2016-07-27 21:21:56,568 [main] TRACE experiment.runtime.SensitivityAnalysis.SensitivityAnalysisEvaluation - InterleavedAND: 7000 3 781 
2016-07-27 21:22:43,074 [main] TRACE experiment.runtime.SensitivityAnalysis.SensitivityAnalysisEvaluation - InterleavedAND: 7500 3 910 
2016-07-27 21:23:35,153 [main] TRACE experiment.runtime.SensitivityAnalysis.SensitivityAnalysisEvaluation - InterleavedAND: 8000 3 1022 
2016-07-27 21:24:31,314 [main] TRACE experiment.runtime.SensitivityAnalysis.SensitivityAnalysisEvaluation - InterleavedAND: 8500 3 1099 
2016-07-27 21:25:29,015 [main] TRACE experiment.runtime.SensitivityAnalysis.SensitivityAnalysisEvaluation - InterleavedAND: 9000 3 1131 
2016-07-27 21:26:27,751 [main] TRACE experiment.runtime.SensitivityAnalysis.SensitivityAnalysisEvaluation - InterleavedAND: 9500 3 1151 
2016-07-27 21:27:27,307 [main] TRACE experiment.runtime.SensitivityAnalysis.SensitivityAnalysisEvaluation - InterleavedAND: 10000 3 1166 
2016-07-27 21:27:29,801 [main] TRACE experiment.runtime.SensitivityAnalysis.SensitivityAnalysisEvaluation - InterleavedAND: 500 4 48 
2016-07-27 21:27:35,067 [main] TRACE experiment.runtime.SensitivityAnalysis.SensitivityAnalysisEvaluation - InterleavedAND: 1000 4 103 
2016-07-27 21:27:42,013 [main] TRACE experiment.runtime.SensitivityAnalysis.SensitivityAnalysisEvaluation - InterleavedAND: 1500 4 136 
2016-07-27 21:27:54,370 [main] TRACE experiment.runtime.SensitivityAnalysis.SensitivityAnalysisEvaluation - InterleavedAND: 2000 4 242 
2016-07-27 21:28:08,959 [main] TRACE experiment.runtime.SensitivityAnalysis.SensitivityAnalysisEvaluation - InterleavedAND: 2500 4 285 
2016-07-27 21:28:25,214 [main] TRACE experiment.runtime.SensitivityAnalysis.SensitivityAnalysisEvaluation - InterleavedAND: 3000 4 318 
2016-07-27 21:28:47,739 [main] TRACE experiment.runtime.SensitivityAnalysis.SensitivityAnalysisEvaluation - InterleavedAND: 3500 4 442 
2016-07-27 21:29:16,831 [main] TRACE experiment.runtime.SensitivityAnalysis.SensitivityAnalysisEvaluation - InterleavedAND: 4000 4 570 
2016-07-27 21:29:48,806 [main] TRACE experiment.runtime.SensitivityAnalysis.SensitivityAnalysisEvaluation - InterleavedAND: 4500 4 626 
2016-07-27 21:30:22,678 [main] TRACE experiment.runtime.SensitivityAnalysis.SensitivityAnalysisEvaluation - InterleavedAND: 5000 4 664 
2016-07-27 21:30:56,867 [main] TRACE experiment.runtime.SensitivityAnalysis.SensitivityAnalysisEvaluation - InterleavedAND: 5500 4 669 
2016-07-27 21:31:32,933 [main] TRACE experiment.runtime.SensitivityAnalysis.SensitivityAnalysisEvaluation - InterleavedAND: 6000 4 706 
2016-07-27 21:32:15,218 [main] TRACE experiment.runtime.SensitivityAnalysis.SensitivityAnalysisEvaluation - InterleavedAND: 6500 4 829 
2016-07-27 21:33:05,344 [main] TRACE experiment.runtime.SensitivityAnalysis.SensitivityAnalysisEvaluation - InterleavedAND: 7000 4 983 
2016-07-27 21:34:02,859 [main] TRACE experiment.runtime.SensitivityAnalysis.SensitivityAnalysisEvaluation - InterleavedAND: 7500 4 1125 
2016-07-27 21:35:07,841 [main] TRACE experiment.runtime.SensitivityAnalysis.SensitivityAnalysisEvaluation - InterleavedAND: 8000 4 1272 
2016-07-27 21:36:16,768 [main] TRACE experiment.runtime.SensitivityAnalysis.SensitivityAnalysisEvaluation - InterleavedAND: 8500 4 1350 
2016-07-27 21:37:26,321 [main] TRACE experiment.runtime.SensitivityAnalysis.SensitivityAnalysisEvaluation - InterleavedAND: 9000 4 1362 
2016-07-27 21:38:38,643 [main] TRACE experiment.runtime.SensitivityAnalysis.SensitivityAnalysisEvaluation - InterleavedAND: 9500 4 1420 
2016-07-27 21:39:51,854 [main] TRACE experiment.runtime.SensitivityAnalysis.SensitivityAnalysisEvaluation - InterleavedAND: 10000 4 1435 
2016-07-27 21:39:54,792 [main] TRACE experiment.runtime.SensitivityAnalysis.SensitivityAnalysisEvaluation - InterleavedAND: 500 5 57 
2016-07-27 21:40:01,019 [main] TRACE experiment.runtime.SensitivityAnalysis.SensitivityAnalysisEvaluation - InterleavedAND: 1000 5 121 
2016-07-27 21:40:09,100 [main] TRACE experiment.runtime.SensitivityAnalysis.SensitivityAnalysisEvaluation - InterleavedAND: 1500 5 158 
2016-07-27 21:40:23,725 [main] TRACE experiment.runtime.SensitivityAnalysis.SensitivityAnalysisEvaluation - InterleavedAND: 2000 5 286 
2016-07-27 21:40:41,386 [main] TRACE experiment.runtime.SensitivityAnalysis.SensitivityAnalysisEvaluation - InterleavedAND: 2500 5 346 
2016-07-27 21:41:00,788 [main] TRACE experiment.runtime.SensitivityAnalysis.SensitivityAnalysisEvaluation - InterleavedAND: 3000 5 380 
2016-07-27 21:41:27,708 [main] TRACE experiment.runtime.SensitivityAnalysis.SensitivityAnalysisEvaluation - InterleavedAND: 3500 5 526 
2016-07-27 21:42:02,781 [main] TRACE experiment.runtime.SensitivityAnalysis.SensitivityAnalysisEvaluation - InterleavedAND: 4000 5 688 
2016-07-27 21:42:41,152 [main] TRACE experiment.runtime.SensitivityAnalysis.SensitivityAnalysisEvaluation - InterleavedAND: 4500 5 752 
2016-07-27 21:43:23,551 [main] TRACE experiment.runtime.SensitivityAnalysis.SensitivityAnalysisEvaluation - InterleavedAND: 5000 5 833 
2016-07-27 21:44:04,677 [main] TRACE experiment.runtime.SensitivityAnalysis.SensitivityAnalysisEvaluation - InterleavedAND: 5500 5 805 
2016-07-27 21:44:47,027 [main] TRACE experiment.runtime.SensitivityAnalysis.SensitivityAnalysisEvaluation - InterleavedAND: 6000 5 829 
2016-07-27 21:45:36,339 [main] TRACE experiment.runtime.SensitivityAnalysis.SensitivityAnalysisEvaluation - InterleavedAND: 6500 5 967 
2016-07-27 21:46:34,935 [main] TRACE experiment.runtime.SensitivityAnalysis.SensitivityAnalysisEvaluation - InterleavedAND: 7000 5 1150 
2016-07-27 21:47:43,097 [main] TRACE experiment.runtime.SensitivityAnalysis.SensitivityAnalysisEvaluation - InterleavedAND: 7500 5 1335 
2016-07-27 21:48:59,986 [main] TRACE experiment.runtime.SensitivityAnalysis.SensitivityAnalysisEvaluation - InterleavedAND: 8000 5 1509 
2016-07-27 21:50:22,894 [main] TRACE experiment.runtime.SensitivityAnalysis.SensitivityAnalysisEvaluation - InterleavedAND: 8500 5 1623 
2016-07-27 21:51:47,225 [main] TRACE experiment.runtime.SensitivityAnalysis.SensitivityAnalysisEvaluation - InterleavedAND: 9000 5 1656 
2016-07-27 21:53:12,609 [main] TRACE experiment.runtime.SensitivityAnalysis.SensitivityAnalysisEvaluation - InterleavedAND: 9500 5 1671 
2016-07-27 21:54:43,147 [main] TRACE experiment.runtime.SensitivityAnalysis.SensitivityAnalysisEvaluation - InterleavedAND: 10000 5 1777 
2016-07-27 21:54:43,147 [main] TRACE experiment.runtime.SensitivityAnalysis.SensitivityAnalysisEvaluation - End InterleavedAND evaluation 
2016-07-27 21:54:43,148 [main] TRACE experiment.runtime.SensitivityAnalysis.SensitivityAnalysisEvaluation - Beginning AlternativeOR evaluation 
2016-07-27 21:54:44,338 [main] TRACE experiment.runtime.SensitivityAnalysis.SensitivityAnalysisEvaluation - AlternativeOR: 500 1 23 
2016-07-27 21:54:46,533 [main] TRACE experiment.runtime.SensitivityAnalysis.SensitivityAnalysisEvaluation - AlternativeOR: 1000 1 42 
2016-07-27 21:54:49,045 [main] TRACE experiment.runtime.SensitivityAnalysis.SensitivityAnalysisEvaluation - AlternativeOR: 1500 1 49 
2016-07-27 21:54:53,801 [main] TRACE experiment.runtime.SensitivityAnalysis.SensitivityAnalysisEvaluation - AlternativeOR: 2000 1 93 
2016-07-27 21:54:59,218 [main] TRACE experiment.runtime.SensitivityAnalysis.SensitivityAnalysisEvaluation - AlternativeOR: 2500 1 106 
2016-07-27 21:55:05,376 [main] TRACE experiment.runtime.SensitivityAnalysis.SensitivityAnalysisEvaluation - AlternativeOR: 3000 1 120 
2016-07-27 21:55:14,093 [main] TRACE experiment.runtime.SensitivityAnalysis.SensitivityAnalysisEvaluation - AlternativeOR: 3500 1 170 
2016-07-27 21:55:25,690 [main] TRACE experiment.runtime.SensitivityAnalysis.SensitivityAnalysisEvaluation - AlternativeOR: 4000 1 227 
2016-07-27 21:55:39,790 [main] TRACE experiment.runtime.SensitivityAnalysis.SensitivityAnalysisEvaluation - AlternativeOR: 4500 1 276 
2016-07-27 21:55:53,621 [main] TRACE experiment.runtime.SensitivityAnalysis.SensitivityAnalysisEvaluation - AlternativeOR: 5000 1 270 
2016-07-27 21:56:07,465 [main] TRACE experiment.runtime.SensitivityAnalysis.SensitivityAnalysisEvaluation - AlternativeOR: 5500 1 271 
2016-07-27 21:56:20,547 [main] TRACE experiment.runtime.SensitivityAnalysis.SensitivityAnalysisEvaluation - AlternativeOR: 6000 1 256 
2016-07-27 21:56:37,961 [main] TRACE experiment.runtime.SensitivityAnalysis.SensitivityAnalysisEvaluation - AlternativeOR: 6500 1 342 
2016-07-27 21:56:58,905 [main] TRACE experiment.runtime.SensitivityAnalysis.SensitivityAnalysisEvaluation - AlternativeOR: 7000 1 411 
2016-07-27 21:57:21,438 [main] TRACE experiment.runtime.SensitivityAnalysis.SensitivityAnalysisEvaluation - AlternativeOR: 7500 1 438 
2016-07-27 21:57:51,757 [main] TRACE experiment.runtime.SensitivityAnalysis.SensitivityAnalysisEvaluation - AlternativeOR: 8000 1 596 
2016-07-27 21:58:18,717 [main] TRACE experiment.runtime.SensitivityAnalysis.SensitivityAnalysisEvaluation - AlternativeOR: 8500 1 529 
2016-07-27 21:58:51,045 [main] TRACE experiment.runtime.SensitivityAnalysis.SensitivityAnalysisEvaluation - AlternativeOR: 9000 1 634 
2016-07-27 21:59:22,557 [main] TRACE experiment.runtime.SensitivityAnalysis.SensitivityAnalysisEvaluation - AlternativeOR: 9500 1 619 
2016-07-27 21:59:53,334 [main] TRACE experiment.runtime.SensitivityAnalysis.SensitivityAnalysisEvaluation - AlternativeOR: 10000 1 602 
2016-07-27 21:59:54,745 [main] TRACE experiment.runtime.SensitivityAnalysis.SensitivityAnalysisEvaluation - AlternativeOR: 500 2 27 
2016-07-27 21:59:58,844 [main] TRACE experiment.runtime.SensitivityAnalysis.SensitivityAnalysisEvaluation - AlternativeOR: 1000 2 80 
2016-07-27 22:00:03,253 [main] TRACE experiment.runtime.SensitivityAnalysis.SensitivityAnalysisEvaluation - AlternativeOR: 1500 2 86 
2016-07-27 22:00:10,590 [main] TRACE experiment.runtime.SensitivityAnalysis.SensitivityAnalysisEvaluation - AlternativeOR: 2000 2 144 
2016-07-27 22:00:18,800 [main] TRACE experiment.runtime.SensitivityAnalysis.SensitivityAnalysisEvaluation - AlternativeOR: 2500 2 161 
2016-07-27 22:00:29,757 [main] TRACE experiment.runtime.SensitivityAnalysis.SensitivityAnalysisEvaluation - AlternativeOR: 3000 2 214 
2016-07-27 22:00:43,525 [main] TRACE experiment.runtime.SensitivityAnalysis.SensitivityAnalysisEvaluation - AlternativeOR: 3500 2 269 
2016-07-27 22:01:00,284 [main] TRACE experiment.runtime.SensitivityAnalysis.SensitivityAnalysisEvaluation - AlternativeOR: 4000 2 328 
2016-07-27 22:01:19,909 [main] TRACE experiment.runtime.SensitivityAnalysis.SensitivityAnalysisEvaluation - AlternativeOR: 4500 2 382 
2016-07-27 22:01:39,252 [main] TRACE experiment.runtime.SensitivityAnalysis.SensitivityAnalysisEvaluation - AlternativeOR: 5000 2 379 
2016-07-27 22:02:01,871 [main] TRACE experiment.runtime.SensitivityAnalysis.SensitivityAnalysisEvaluation - AlternativeOR: 5500 2 444 
2016-07-27 22:02:22,651 [main] TRACE experiment.runtime.SensitivityAnalysis.SensitivityAnalysisEvaluation - AlternativeOR: 6000 2 408 
2016-07-27 22:02:48,785 [main] TRACE experiment.runtime.SensitivityAnalysis.SensitivityAnalysisEvaluation - AlternativeOR: 6500 2 509 
2016-07-27 22:03:19,468 [main] TRACE experiment.runtime.SensitivityAnalysis.SensitivityAnalysisEvaluation - AlternativeOR: 7000 2 601 
2016-07-27 22:03:52,013 [main] TRACE experiment.runtime.SensitivityAnalysis.SensitivityAnalysisEvaluation - AlternativeOR: 7500 2 638 
2016-07-27 22:04:32,240 [main] TRACE experiment.runtime.SensitivityAnalysis.SensitivityAnalysisEvaluation - AlternativeOR: 8000 2 783 
2016-07-27 22:05:14,400 [main] TRACE experiment.runtime.SensitivityAnalysis.SensitivityAnalysisEvaluation - AlternativeOR: 8500 2 827 
2016-07-27 22:05:54,756 [main] TRACE experiment.runtime.SensitivityAnalysis.SensitivityAnalysisEvaluation - AlternativeOR: 9000 2 791 
2016-07-27 22:06:38,507 [main] TRACE experiment.runtime.SensitivityAnalysis.SensitivityAnalysisEvaluation - AlternativeOR: 9500 2 858 
2016-07-27 22:07:22,487 [main] TRACE experiment.runtime.SensitivityAnalysis.SensitivityAnalysisEvaluation - AlternativeOR: 10000 2 862 
2016-07-27 22:07:24,315 [main] TRACE experiment.runtime.SensitivityAnalysis.SensitivityAnalysisEvaluation - AlternativeOR: 500 3 35 
2016-07-27 22:07:28,427 [main] TRACE experiment.runtime.SensitivityAnalysis.SensitivityAnalysisEvaluation - AlternativeOR: 1000 3 80 
2016-07-27 22:07:33,566 [main] TRACE experiment.runtime.SensitivityAnalysis.SensitivityAnalysisEvaluation - AlternativeOR: 1500 3 100 
2016-07-27 22:07:42,801 [main] TRACE experiment.runtime.SensitivityAnalysis.SensitivityAnalysisEvaluation - AlternativeOR: 2000 3 181 
2016-07-27 22:07:55,803 [main] TRACE experiment.runtime.SensitivityAnalysis.SensitivityAnalysisEvaluation - AlternativeOR: 2500 3 255 
2016-07-27 22:08:08,188 [main] TRACE experiment.runtime.SensitivityAnalysis.SensitivityAnalysisEvaluation - AlternativeOR: 3000 3 242 
2016-07-27 22:08:25,000 [main] TRACE experiment.runtime.SensitivityAnalysis.SensitivityAnalysisEvaluation - AlternativeOR: 3500 3 329 
2016-07-27 22:08:47,436 [main] TRACE experiment.runtime.SensitivityAnalysis.SensitivityAnalysisEvaluation - AlternativeOR: 4000 3 439 
2016-07-27 22:09:15,290 [main] TRACE experiment.runtime.SensitivityAnalysis.SensitivityAnalysisEvaluation - AlternativeOR: 4500 3 545 
2016-07-27 22:09:42,103 [main] TRACE experiment.runtime.SensitivityAnalysis.SensitivityAnalysisEvaluation - AlternativeOR: 5000 3 526 
2016-07-27 22:10:09,711 [main] TRACE experiment.runtime.SensitivityAnalysis.SensitivityAnalysisEvaluation - AlternativeOR: 5500 3 541 
2016-07-27 22:10:36,291 [main] TRACE experiment.runtime.SensitivityAnalysis.SensitivityAnalysisEvaluation - AlternativeOR: 6000 3 519 
2016-07-27 22:11:11,855 [main] TRACE experiment.runtime.SensitivityAnalysis.SensitivityAnalysisEvaluation - AlternativeOR: 6500 3 699 
2016-07-27 22:11:55,998 [main] TRACE experiment.runtime.SensitivityAnalysis.SensitivityAnalysisEvaluation - AlternativeOR: 7000 3 867 
2016-07-27 22:12:43,441 [main] TRACE experiment.runtime.SensitivityAnalysis.SensitivityAnalysisEvaluation - AlternativeOR: 7500 3 931 
2016-07-27 22:13:33,044 [main] TRACE experiment.runtime.SensitivityAnalysis.SensitivityAnalysisEvaluation - AlternativeOR: 8000 3 973 
2016-07-27 22:14:31,067 [main] TRACE experiment.runtime.SensitivityAnalysis.SensitivityAnalysisEvaluation - AlternativeOR: 8500 3 1128 
2016-07-27 22:15:41,253 [main] TRACE experiment.runtime.SensitivityAnalysis.SensitivityAnalysisEvaluation - AlternativeOR: 9000 3 1383 
2016-07-27 22:16:37,516 [main] TRACE experiment.runtime.SensitivityAnalysis.SensitivityAnalysisEvaluation - AlternativeOR: 9500 3 1103 
2016-07-27 22:17:35,376 [main] TRACE experiment.runtime.SensitivityAnalysis.SensitivityAnalysisEvaluation - AlternativeOR: 10000 3 1135 
2016-07-27 22:17:37,683 [main] TRACE experiment.runtime.SensitivityAnalysis.SensitivityAnalysisEvaluation - AlternativeOR: 500 4 45 
2016-07-27 22:17:42,788 [main] TRACE experiment.runtime.SensitivityAnalysis.SensitivityAnalysisEvaluation - AlternativeOR: 1000 4 100 
2016-07-27 22:17:49,288 [main] TRACE experiment.runtime.SensitivityAnalysis.SensitivityAnalysisEvaluation - AlternativeOR: 1500 4 127 
2016-07-27 22:18:02,327 [main] TRACE experiment.runtime.SensitivityAnalysis.SensitivityAnalysisEvaluation - AlternativeOR: 2000 4 255 
2016-07-27 22:18:16,739 [main] TRACE experiment.runtime.SensitivityAnalysis.SensitivityAnalysisEvaluation - AlternativeOR: 2500 4 283 
2016-07-27 22:18:31,717 [main] TRACE experiment.runtime.SensitivityAnalysis.SensitivityAnalysisEvaluation - AlternativeOR: 3000 4 293 
2016-07-27 22:18:54,777 [main] TRACE experiment.runtime.SensitivityAnalysis.SensitivityAnalysisEvaluation - AlternativeOR: 3500 4 452 
2016-07-27 22:19:23,432 [main] TRACE experiment.runtime.SensitivityAnalysis.SensitivityAnalysisEvaluation - AlternativeOR: 4000 4 562 
2016-07-27 22:19:53,871 [main] TRACE experiment.runtime.SensitivityAnalysis.SensitivityAnalysisEvaluation - AlternativeOR: 4500 4 597 
2016-07-27 22:20:24,953 [main] TRACE experiment.runtime.SensitivityAnalysis.SensitivityAnalysisEvaluation - AlternativeOR: 5000 4 609 
2016-07-27 22:21:00,613 [main] TRACE experiment.runtime.SensitivityAnalysis.SensitivityAnalysisEvaluation - AlternativeOR: 5500 4 700 
2016-07-27 22:21:36,399 [main] TRACE experiment.runtime.SensitivityAnalysis.SensitivityAnalysisEvaluation - AlternativeOR: 6000 4 701 
2016-07-27 22:22:17,046 [main] TRACE experiment.runtime.SensitivityAnalysis.SensitivityAnalysisEvaluation - AlternativeOR: 6500 4 793 
2016-07-27 22:23:08,612 [main] TRACE experiment.runtime.SensitivityAnalysis.SensitivityAnalysisEvaluation - AlternativeOR: 7000 4 1012 
2016-07-27 22:24:06,918 [main] TRACE experiment.runtime.SensitivityAnalysis.SensitivityAnalysisEvaluation - AlternativeOR: 7500 4 1144 
2016-07-27 22:25:09,065 [main] TRACE experiment.runtime.SensitivityAnalysis.SensitivityAnalysisEvaluation - AlternativeOR: 8000 4 1218 
2016-07-27 22:26:20,316 [main] TRACE experiment.runtime.SensitivityAnalysis.SensitivityAnalysisEvaluation - AlternativeOR: 8500 4 1386 
2016-07-27 22:27:40,275 [main] TRACE experiment.runtime.SensitivityAnalysis.SensitivityAnalysisEvaluation - AlternativeOR: 9000 4 1568 
2016-07-27 22:28:51,126 [main] TRACE experiment.runtime.SensitivityAnalysis.SensitivityAnalysisEvaluation - AlternativeOR: 9500 4 1389 
2016-07-27 22:30:00,398 [main] TRACE experiment.runtime.SensitivityAnalysis.SensitivityAnalysisEvaluation - AlternativeOR: 10000 4 1357 
2016-07-27 22:30:03,691 [main] TRACE experiment.runtime.SensitivityAnalysis.SensitivityAnalysisEvaluation - AlternativeOR: 500 5 64 
2016-07-27 22:30:13,162 [main] TRACE experiment.runtime.SensitivityAnalysis.SensitivityAnalysisEvaluation - AlternativeOR: 1000 5 185 
2016-07-27 22:30:22,281 [main] TRACE experiment.runtime.SensitivityAnalysis.SensitivityAnalysisEvaluation - AlternativeOR: 1500 5 179 
2016-07-27 22:30:36,167 [main] TRACE experiment.runtime.SensitivityAnalysis.SensitivityAnalysisEvaluation - AlternativeOR: 2000 5 272 
2016-07-27 22:30:52,442 [main] TRACE experiment.runtime.SensitivityAnalysis.SensitivityAnalysisEvaluation - AlternativeOR: 2500 5 319 
2016-07-27 22:31:13,534 [main] TRACE experiment.runtime.SensitivityAnalysis.SensitivityAnalysisEvaluation - AlternativeOR: 3000 5 414 
2016-07-27 22:31:40,757 [main] TRACE experiment.runtime.SensitivityAnalysis.SensitivityAnalysisEvaluation - AlternativeOR: 3500 5 534 
2016-07-27 22:32:19,268 [main] TRACE experiment.runtime.SensitivityAnalysis.SensitivityAnalysisEvaluation - AlternativeOR: 4000 5 754 
2016-07-27 22:32:57,843 [main] TRACE experiment.runtime.SensitivityAnalysis.SensitivityAnalysisEvaluation - AlternativeOR: 4500 5 755 
2016-07-27 22:33:37,281 [main] TRACE experiment.runtime.SensitivityAnalysis.SensitivityAnalysisEvaluation - AlternativeOR: 5000 5 773 
2016-07-27 22:34:17,918 [main] TRACE experiment.runtime.SensitivityAnalysis.SensitivityAnalysisEvaluation - AlternativeOR: 5500 5 796 
2016-07-27 22:35:04,184 [main] TRACE experiment.runtime.SensitivityAnalysis.SensitivityAnalysisEvaluation - AlternativeOR: 6000 5 906 
2016-07-27 22:35:57,047 [main] TRACE experiment.runtime.SensitivityAnalysis.SensitivityAnalysisEvaluation - AlternativeOR: 6500 5 1038 
2016-07-27 22:36:54,879 [main] TRACE experiment.runtime.SensitivityAnalysis.SensitivityAnalysisEvaluation - AlternativeOR: 7000 5 1132 
2016-07-27 22:38:02,202 [main] TRACE experiment.runtime.SensitivityAnalysis.SensitivityAnalysisEvaluation - AlternativeOR: 7500 5 1321 
2016-07-27 22:39:19,432 [main] TRACE experiment.runtime.SensitivityAnalysis.SensitivityAnalysisEvaluation - AlternativeOR: 8000 5 1514 
2016-07-27 22:40:41,849 [main] TRACE experiment.runtime.SensitivityAnalysis.SensitivityAnalysisEvaluation - AlternativeOR: 8500 5 1617 
2016-07-27 22:42:02,001 [main] TRACE experiment.runtime.SensitivityAnalysis.SensitivityAnalysisEvaluation - AlternativeOR: 9000 5 1572 
2016-07-27 22:43:28,409 [main] TRACE experiment.runtime.SensitivityAnalysis.SensitivityAnalysisEvaluation - AlternativeOR: 9500 5 1691 
2016-07-27 22:44:51,916 [main] TRACE experiment.runtime.SensitivityAnalysis.SensitivityAnalysisEvaluation - AlternativeOR: 10000 5 1628 
2016-07-27 22:44:51,916 [main] TRACE experiment.runtime.SensitivityAnalysis.SensitivityAnalysisEvaluation - End AlternativeOR evaluation 
2016-07-27 22:44:51,917 [main] TRACE experiment.runtime.SensitivityAnalysis.SensitivityAnalysisEvaluation - Beginning SerialAND evaluation 
2016-07-27 22:44:53,549 [main] TRACE experiment.runtime.SensitivityAnalysis.SensitivityAnalysisEvaluation - SerialAND: 500 1 32 
2016-07-27 22:44:56,706 [main] TRACE experiment.runtime.SensitivityAnalysis.SensitivityAnalysisEvaluation - SerialAND: 1000 1 62 
2016-07-27 22:45:00,993 [main] TRACE experiment.runtime.SensitivityAnalysis.SensitivityAnalysisEvaluation - SerialAND: 1500 1 84 
2016-07-27 22:45:08,391 [main] TRACE experiment.runtime.SensitivityAnalysis.SensitivityAnalysisEvaluation - SerialAND: 2000 1 144 
2016-07-27 22:45:16,852 [main] TRACE experiment.runtime.SensitivityAnalysis.SensitivityAnalysisEvaluation - SerialAND: 2500 1 166 
2016-07-27 22:45:26,206 [main] TRACE experiment.runtime.SensitivityAnalysis.SensitivityAnalysisEvaluation - SerialAND: 3000 1 182 
2016-07-27 22:45:39,650 [main] TRACE experiment.runtime.SensitivityAnalysis.SensitivityAnalysisEvaluation - SerialAND: 3500 1 263 
2016-07-27 22:45:56,257 [main] TRACE experiment.runtime.SensitivityAnalysis.SensitivityAnalysisEvaluation - SerialAND: 4000 1 325 
2016-07-27 22:46:13,446 [main] TRACE experiment.runtime.SensitivityAnalysis.SensitivityAnalysisEvaluation - SerialAND: 4500 1 336 
2016-07-27 22:46:31,890 [main] TRACE experiment.runtime.SensitivityAnalysis.SensitivityAnalysisEvaluation - SerialAND: 5000 1 362 
2016-07-27 22:46:48,061 [main] TRACE experiment.runtime.SensitivityAnalysis.SensitivityAnalysisEvaluation - SerialAND: 5500 1 316 
2016-07-27 22:47:06,475 [main] TRACE experiment.runtime.SensitivityAnalysis.SensitivityAnalysisEvaluation - SerialAND: 6000 1 361 
2016-07-27 22:47:25,184 [main] TRACE experiment.runtime.SensitivityAnalysis.SensitivityAnalysisEvaluation - SerialAND: 6500 1 366 
2016-07-27 22:47:48,315 [main] TRACE experiment.runtime.SensitivityAnalysis.SensitivityAnalysisEvaluation - SerialAND: 7000 1 453 
2016-07-27 22:48:13,030 [main] TRACE experiment.runtime.SensitivityAnalysis.SensitivityAnalysisEvaluation - SerialAND: 7500 1 484 
2016-07-27 22:48:42,815 [main] TRACE experiment.runtime.SensitivityAnalysis.SensitivityAnalysisEvaluation - SerialAND: 8000 1 584 
2016-07-27 22:49:13,839 [main] TRACE experiment.runtime.SensitivityAnalysis.SensitivityAnalysisEvaluation - SerialAND: 8500 1 606 
2016-07-27 22:49:44,829 [main] TRACE experiment.runtime.SensitivityAnalysis.SensitivityAnalysisEvaluation - SerialAND: 9000 1 607 
2016-07-27 22:50:18,146 [main] TRACE experiment.runtime.SensitivityAnalysis.SensitivityAnalysisEvaluation - SerialAND: 9500 1 653 
2016-07-27 22:50:53,177 [main] TRACE experiment.runtime.SensitivityAnalysis.SensitivityAnalysisEvaluation - SerialAND: 10000 1 686 
2016-07-27 22:50:54,813 [main] TRACE experiment.runtime.SensitivityAnalysis.SensitivityAnalysisEvaluation - SerialAND: 500 2 32 
2016-07-27 22:50:58,482 [main] TRACE experiment.runtime.SensitivityAnalysis.SensitivityAnalysisEvaluation - SerialAND: 1000 2 71 
2016-07-27 22:51:03,220 [main] TRACE experiment.runtime.SensitivityAnalysis.SensitivityAnalysisEvaluation - SerialAND: 1500 2 92 
2016-07-27 22:51:11,013 [main] TRACE experiment.runtime.SensitivityAnalysis.SensitivityAnalysisEvaluation - SerialAND: 2000 2 152 
2016-07-27 22:51:21,407 [main] TRACE experiment.runtime.SensitivityAnalysis.SensitivityAnalysisEvaluation - SerialAND: 2500 2 203 
2016-07-27 22:51:32,897 [main] TRACE experiment.runtime.SensitivityAnalysis.SensitivityAnalysisEvaluation - SerialAND: 3000 2 225 
2016-07-27 22:51:47,063 [main] TRACE experiment.runtime.SensitivityAnalysis.SensitivityAnalysisEvaluation - SerialAND: 3500 2 277 
2016-07-27 22:52:07,124 [main] TRACE experiment.runtime.SensitivityAnalysis.SensitivityAnalysisEvaluation - SerialAND: 4000 2 393 
2016-07-27 22:52:29,200 [main] TRACE experiment.runtime.SensitivityAnalysis.SensitivityAnalysisEvaluation - SerialAND: 4500 2 431 
2016-07-27 22:52:53,074 [main] TRACE experiment.runtime.SensitivityAnalysis.SensitivityAnalysisEvaluation - SerialAND: 5000 2 468 
2016-07-27 22:53:17,199 [main] TRACE experiment.runtime.SensitivityAnalysis.SensitivityAnalysisEvaluation - SerialAND: 5500 2 471 
2016-07-27 22:53:41,070 [main] TRACE experiment.runtime.SensitivityAnalysis.SensitivityAnalysisEvaluation - SerialAND: 6000 2 466 
2016-07-27 22:54:13,056 [main] TRACE experiment.runtime.SensitivityAnalysis.SensitivityAnalysisEvaluation - SerialAND: 6500 2 626 
2016-07-27 22:54:47,528 [main] TRACE experiment.runtime.SensitivityAnalysis.SensitivityAnalysisEvaluation - SerialAND: 7000 2 677 
2016-07-27 22:55:24,386 [main] TRACE experiment.runtime.SensitivityAnalysis.SensitivityAnalysisEvaluation - SerialAND: 7500 2 723 
2016-07-27 22:56:08,511 [main] TRACE experiment.runtime.SensitivityAnalysis.SensitivityAnalysisEvaluation - SerialAND: 8000 2 865 
2016-07-27 22:56:59,646 [main] TRACE experiment.runtime.SensitivityAnalysis.SensitivityAnalysisEvaluation - SerialAND: 8500 2 998 
2016-07-27 22:57:54,302 [main] TRACE experiment.runtime.SensitivityAnalysis.SensitivityAnalysisEvaluation - SerialAND: 9000 2 1074 
2016-07-27 22:58:45,663 [main] TRACE experiment.runtime.SensitivityAnalysis.SensitivityAnalysisEvaluation - SerialAND: 9500 2 1004 
2016-07-27 22:59:36,401 [main] TRACE experiment.runtime.SensitivityAnalysis.SensitivityAnalysisEvaluation - SerialAND: 10000 2 996 
2016-07-27 22:59:38,488 [main] TRACE experiment.runtime.SensitivityAnalysis.SensitivityAnalysisEvaluation - SerialAND: 500 3 40 
2016-07-27 22:59:44,119 [main] TRACE experiment.runtime.SensitivityAnalysis.SensitivityAnalysisEvaluation - SerialAND: 1000 3 110 
2016-07-27 22:59:51,722 [main] TRACE experiment.runtime.SensitivityAnalysis.SensitivityAnalysisEvaluation - SerialAND: 1500 3 149 
2016-07-27 23:00:04,727 [main] TRACE experiment.runtime.SensitivityAnalysis.SensitivityAnalysisEvaluation - SerialAND: 2000 3 253 
2016-07-27 23:00:20,240 [main] TRACE experiment.runtime.SensitivityAnalysis.SensitivityAnalysisEvaluation - SerialAND: 2500 3 303 
2016-07-27 23:00:36,936 [main] TRACE experiment.runtime.SensitivityAnalysis.SensitivityAnalysisEvaluation - SerialAND: 3000 3 328 
2016-07-27 23:00:56,673 [main] TRACE experiment.runtime.SensitivityAnalysis.SensitivityAnalysisEvaluation - SerialAND: 3500 3 386 
2016-07-27 23:01:23,048 [main] TRACE experiment.runtime.SensitivityAnalysis.SensitivityAnalysisEvaluation - SerialAND: 4000 3 517 
2016-07-27 23:01:50,404 [main] TRACE experiment.runtime.SensitivityAnalysis.SensitivityAnalysisEvaluation - SerialAND: 4500 3 536 
2016-07-27 23:02:17,957 [main] TRACE experiment.runtime.SensitivityAnalysis.SensitivityAnalysisEvaluation - SerialAND: 5000 3 540 
2016-07-27 23:02:48,612 [main] TRACE experiment.runtime.SensitivityAnalysis.SensitivityAnalysisEvaluation - SerialAND: 5500 3 601 
2016-07-27 23:03:17,689 [main] TRACE experiment.runtime.SensitivityAnalysis.SensitivityAnalysisEvaluation - SerialAND: 6000 3 570 
2016-07-27 23:03:55,750 [main] TRACE experiment.runtime.SensitivityAnalysis.SensitivityAnalysisEvaluation - SerialAND: 6500 3 745 
2016-07-27 23:04:40,037 [main] TRACE experiment.runtime.SensitivityAnalysis.SensitivityAnalysisEvaluation - SerialAND: 7000 3 866 
2016-07-27 23:05:26,966 [main] TRACE experiment.runtime.SensitivityAnalysis.SensitivityAnalysisEvaluation - SerialAND: 7500 3 919 
2016-07-27 23:06:24,269 [main] TRACE experiment.runtime.SensitivityAnalysis.SensitivityAnalysisEvaluation - SerialAND: 8000 3 1124 
2016-07-27 23:07:22,559 [main] TRACE experiment.runtime.SensitivityAnalysis.SensitivityAnalysisEvaluation - SerialAND: 8500 3 1143 
2016-07-27 23:08:28,741 [main] TRACE experiment.runtime.SensitivityAnalysis.SensitivityAnalysisEvaluation - SerialAND: 9000 3 1295 
2016-07-27 23:09:38,721 [main] TRACE experiment.runtime.SensitivityAnalysis.SensitivityAnalysisEvaluation - SerialAND: 9500 3 1375 
2016-07-27 23:10:49,589 [main] TRACE experiment.runtime.SensitivityAnalysis.SensitivityAnalysisEvaluation - SerialAND: 10000 3 1388 
2016-07-27 23:10:52,557 [main] TRACE experiment.runtime.SensitivityAnalysis.SensitivityAnalysisEvaluation - SerialAND: 500 4 58 
2016-07-27 23:10:59,360 [main] TRACE experiment.runtime.SensitivityAnalysis.SensitivityAnalysisEvaluation - SerialAND: 1000 4 133 
2016-07-27 23:11:07,997 [main] TRACE experiment.runtime.SensitivityAnalysis.SensitivityAnalysisEvaluation - SerialAND: 1500 4 170 
2016-07-27 23:11:22,434 [main] TRACE experiment.runtime.SensitivityAnalysis.SensitivityAnalysisEvaluation - SerialAND: 2000 4 283 
2016-07-27 23:11:36,689 [main] TRACE experiment.runtime.SensitivityAnalysis.SensitivityAnalysisEvaluation - SerialAND: 2500 4 279 
2016-07-27 23:11:54,500 [main] TRACE experiment.runtime.SensitivityAnalysis.SensitivityAnalysisEvaluation - SerialAND: 3000 4 348 
2016-07-27 23:12:18,055 [main] TRACE experiment.runtime.SensitivityAnalysis.SensitivityAnalysisEvaluation - SerialAND: 3500 4 462 
2016-07-27 23:12:49,049 [main] TRACE experiment.runtime.SensitivityAnalysis.SensitivityAnalysisEvaluation - SerialAND: 4000 4 607 
2016-07-27 23:13:24,439 [main] TRACE experiment.runtime.SensitivityAnalysis.SensitivityAnalysisEvaluation - SerialAND: 4500 4 691 
2016-07-27 23:14:01,275 [main] TRACE experiment.runtime.SensitivityAnalysis.SensitivityAnalysisEvaluation - SerialAND: 5000 4 721 
2016-07-27 23:14:39,035 [main] TRACE experiment.runtime.SensitivityAnalysis.SensitivityAnalysisEvaluation - SerialAND: 5500 4 740 
2016-07-27 23:15:19,701 [main] TRACE experiment.runtime.SensitivityAnalysis.SensitivityAnalysisEvaluation - SerialAND: 6000 4 795 
2016-07-27 23:16:02,651 [main] TRACE experiment.runtime.SensitivityAnalysis.SensitivityAnalysisEvaluation - SerialAND: 6500 4 838 
2016-07-27 23:16:55,625 [main] TRACE experiment.runtime.SensitivityAnalysis.SensitivityAnalysisEvaluation - SerialAND: 7000 4 1038 
2016-07-27 23:18:06,171 [main] TRACE experiment.runtime.SensitivityAnalysis.SensitivityAnalysisEvaluation - SerialAND: 7500 4 1380 
2016-07-27 23:19:14,838 [main] TRACE experiment.runtime.SensitivityAnalysis.SensitivityAnalysisEvaluation - SerialAND: 8000 4 1348 
2016-07-27 23:20:34,382 [main] TRACE experiment.runtime.SensitivityAnalysis.SensitivityAnalysisEvaluation - SerialAND: 8500 4 1561 
2016-07-27 23:21:50,951 [main] TRACE experiment.runtime.SensitivityAnalysis.SensitivityAnalysisEvaluation - SerialAND: 9000 4 1495 
2016-07-27 23:23:09,056 [main] TRACE experiment.runtime.SensitivityAnalysis.SensitivityAnalysisEvaluation - SerialAND: 9500 4 1530 
2016-07-27 23:24:26,290 [main] TRACE experiment.runtime.SensitivityAnalysis.SensitivityAnalysisEvaluation - SerialAND: 10000 4 1515 
2016-07-27 23:24:29,153 [main] TRACE experiment.runtime.SensitivityAnalysis.SensitivityAnalysisEvaluation - SerialAND: 500 5 56 
2016-07-27 23:24:35,543 [main] TRACE experiment.runtime.SensitivityAnalysis.SensitivityAnalysisEvaluation - SerialAND: 1000 5 125 
2016-07-27 23:24:44,561 [main] TRACE experiment.runtime.SensitivityAnalysis.SensitivityAnalysisEvaluation - SerialAND: 1500 5 177 
2016-07-27 23:24:59,428 [main] TRACE experiment.runtime.SensitivityAnalysis.SensitivityAnalysisEvaluation - SerialAND: 2000 5 291 
2016-07-27 23:25:20,391 [main] TRACE experiment.runtime.SensitivityAnalysis.SensitivityAnalysisEvaluation - SerialAND: 2500 5 410 
2016-07-27 23:25:45,418 [main] TRACE experiment.runtime.SensitivityAnalysis.SensitivityAnalysisEvaluation - SerialAND: 3000 5 490 
2016-07-27 23:26:16,767 [main] TRACE experiment.runtime.SensitivityAnalysis.SensitivityAnalysisEvaluation - SerialAND: 3500 5 613 
2016-07-27 23:26:55,845 [main] TRACE experiment.runtime.SensitivityAnalysis.SensitivityAnalysisEvaluation - SerialAND: 4000 5 764 
2016-07-27 23:27:37,065 [main] TRACE experiment.runtime.SensitivityAnalysis.SensitivityAnalysisEvaluation - SerialAND: 4500 5 805 
2016-07-27 23:28:21,358 [main] TRACE experiment.runtime.SensitivityAnalysis.SensitivityAnalysisEvaluation - SerialAND: 5000 5 861 
2016-07-27 23:29:09,412 [main] TRACE experiment.runtime.SensitivityAnalysis.SensitivityAnalysisEvaluation - SerialAND: 5500 5 943 
2016-07-27 23:29:57,049 [main] TRACE experiment.runtime.SensitivityAnalysis.SensitivityAnalysisEvaluation - SerialAND: 6000 5 933 
2016-07-27 23:30:51,320 [main] TRACE experiment.runtime.SensitivityAnalysis.SensitivityAnalysisEvaluation - SerialAND: 6500 5 1066 
2016-07-27 23:32:01,519 [main] TRACE experiment.runtime.SensitivityAnalysis.SensitivityAnalysisEvaluation - SerialAND: 7000 5 1378 
2016-07-27 23:33:16,729 [main] TRACE experiment.runtime.SensitivityAnalysis.SensitivityAnalysisEvaluation - SerialAND: 7500 5 1476 
2016-07-27 23:34:39,575 [main] TRACE experiment.runtime.SensitivityAnalysis.SensitivityAnalysisEvaluation - SerialAND: 8000 5 1623 
2016-07-27 23:36:06,484 [main] TRACE experiment.runtime.SensitivityAnalysis.SensitivityAnalysisEvaluation - SerialAND: 8500 5 1705 
2016-07-27 23:37:40,935 [main] TRACE experiment.runtime.SensitivityAnalysis.SensitivityAnalysisEvaluation - SerialAND: 9000 5 1854 
2016-07-27 23:39:08,797 [main] TRACE experiment.runtime.SensitivityAnalysis.SensitivityAnalysisEvaluation - SerialAND: 9500 5 1724 
2016-07-27 23:40:46,271 [main] TRACE experiment.runtime.SensitivityAnalysis.SensitivityAnalysisEvaluation - SerialAND: 10000 5 1905 
2016-07-27 23:40:46,271 [main] TRACE experiment.runtime.SensitivityAnalysis.SensitivityAnalysisEvaluation - End SerialAND evaluation 
2016-07-27 23:40:46,272 [main] TRACE experiment.runtime.SensitivityAnalysis.SensitivityAnalysisEvaluation - Beginning SerialIteration evaluation 
2016-07-27 23:40:47,575 [main] TRACE experiment.runtime.SensitivityAnalysis.SensitivityAnalysisEvaluation - SerialIteration: 500 1 25 
2016-07-27 23:40:50,147 [main] TRACE experiment.runtime.SensitivityAnalysis.SensitivityAnalysisEvaluation - SerialIteration: 1000 1 50 
2016-07-27 23:40:52,689 [main] TRACE experiment.runtime.SensitivityAnalysis.SensitivityAnalysisEvaluation - SerialIteration: 1500 1 49 
2016-07-27 23:40:58,385 [main] TRACE experiment.runtime.SensitivityAnalysis.SensitivityAnalysisEvaluation - SerialIteration: 2000 1 111 
2016-07-27 23:41:04,252 [main] TRACE experiment.runtime.SensitivityAnalysis.SensitivityAnalysisEvaluation - SerialIteration: 2500 1 115 
2016-07-27 23:41:09,826 [main] TRACE experiment.runtime.SensitivityAnalysis.SensitivityAnalysisEvaluation - SerialIteration: 3000 1 109 
2016-07-27 23:41:18,471 [main] TRACE experiment.runtime.SensitivityAnalysis.SensitivityAnalysisEvaluation - SerialIteration: 3500 1 169 
2016-07-27 23:41:30,990 [main] TRACE experiment.runtime.SensitivityAnalysis.SensitivityAnalysisEvaluation - SerialIteration: 4000 1 244 
2016-07-27 23:41:45,541 [main] TRACE experiment.runtime.SensitivityAnalysis.SensitivityAnalysisEvaluation - SerialIteration: 4500 1 285 
2016-07-27 23:42:01,334 [main] TRACE experiment.runtime.SensitivityAnalysis.SensitivityAnalysisEvaluation - SerialIteration: 5000 1 309 
2016-07-27 23:42:16,554 [main] TRACE experiment.runtime.SensitivityAnalysis.SensitivityAnalysisEvaluation - SerialIteration: 5500 1 298 
2016-07-27 23:42:32,764 [main] TRACE experiment.runtime.SensitivityAnalysis.SensitivityAnalysisEvaluation - SerialIteration: 6000 1 317 
2016-07-27 23:42:51,875 [main] TRACE experiment.runtime.SensitivityAnalysis.SensitivityAnalysisEvaluation - SerialIteration: 6500 1 375 
2016-07-27 23:43:14,954 [main] TRACE experiment.runtime.SensitivityAnalysis.SensitivityAnalysisEvaluation - SerialIteration: 7000 1 453 
2016-07-27 23:43:42,730 [main] TRACE experiment.runtime.SensitivityAnalysis.SensitivityAnalysisEvaluation - SerialIteration: 7500 1 544 
2016-07-27 23:44:13,434 [main] TRACE experiment.runtime.SensitivityAnalysis.SensitivityAnalysisEvaluation - SerialIteration: 8000 1 603 
2016-07-27 23:44:43,707 [main] TRACE experiment.runtime.SensitivityAnalysis.SensitivityAnalysisEvaluation - SerialIteration: 8500 1 592 
2016-07-27 23:45:14,341 [main] TRACE experiment.runtime.SensitivityAnalysis.SensitivityAnalysisEvaluation - SerialIteration: 9000 1 600 
2016-07-27 23:45:43,442 [main] TRACE experiment.runtime.SensitivityAnalysis.SensitivityAnalysisEvaluation - SerialIteration: 9500 1 567 
2016-07-27 23:46:13,572 [main] TRACE experiment.runtime.SensitivityAnalysis.SensitivityAnalysisEvaluation - SerialIteration: 10000 1 591 
2016-07-27 23:46:14,973 [main] TRACE experiment.runtime.SensitivityAnalysis.SensitivityAnalysisEvaluation - SerialIteration: 500 2 27 
2016-07-27 23:46:18,217 [main] TRACE experiment.runtime.SensitivityAnalysis.SensitivityAnalysisEvaluation - SerialIteration: 1000 2 63 
2016-07-27 23:46:21,843 [main] TRACE experiment.runtime.SensitivityAnalysis.SensitivityAnalysisEvaluation - SerialIteration: 1500 2 71 
2016-07-27 23:46:30,781 [main] TRACE experiment.runtime.SensitivityAnalysis.SensitivityAnalysisEvaluation - SerialIteration: 2000 2 175 
2016-07-27 23:46:39,684 [main] TRACE experiment.runtime.SensitivityAnalysis.SensitivityAnalysisEvaluation - SerialIteration: 2500 2 174 
2016-07-27 23:46:48,084 [main] TRACE experiment.runtime.SensitivityAnalysis.SensitivityAnalysisEvaluation - SerialIteration: 3000 2 164 
2016-07-27 23:47:00,650 [main] TRACE experiment.runtime.SensitivityAnalysis.SensitivityAnalysisEvaluation - SerialIteration: 3500 2 246 
2016-07-27 23:47:19,020 [main] TRACE experiment.runtime.SensitivityAnalysis.SensitivityAnalysisEvaluation - SerialIteration: 4000 2 360 
2016-07-27 23:47:38,794 [main] TRACE experiment.runtime.SensitivityAnalysis.SensitivityAnalysisEvaluation - SerialIteration: 4500 2 387 
2016-07-27 23:47:58,644 [main] TRACE experiment.runtime.SensitivityAnalysis.SensitivityAnalysisEvaluation - SerialIteration: 5000 2 388 
2016-07-27 23:48:20,342 [main] TRACE experiment.runtime.SensitivityAnalysis.SensitivityAnalysisEvaluation - SerialIteration: 5500 2 426 
2016-07-27 23:48:39,703 [main] TRACE experiment.runtime.SensitivityAnalysis.SensitivityAnalysisEvaluation - SerialIteration: 6000 2 377 
2016-07-27 23:49:06,478 [main] TRACE experiment.runtime.SensitivityAnalysis.SensitivityAnalysisEvaluation - SerialIteration: 6500 2 525 
2016-07-27 23:49:36,715 [main] TRACE experiment.runtime.SensitivityAnalysis.SensitivityAnalysisEvaluation - SerialIteration: 7000 2 591 
2016-07-27 23:50:12,486 [main] TRACE experiment.runtime.SensitivityAnalysis.SensitivityAnalysisEvaluation - SerialIteration: 7500 2 701 
2016-07-27 23:51:00,850 [main] TRACE experiment.runtime.SensitivityAnalysis.SensitivityAnalysisEvaluation - SerialIteration: 8000 2 948 
2016-07-27 23:51:55,052 [main] TRACE experiment.runtime.SensitivityAnalysis.SensitivityAnalysisEvaluation - SerialIteration: 8500 2 1064 
2016-07-27 23:52:39,387 [main] TRACE experiment.runtime.SensitivityAnalysis.SensitivityAnalysisEvaluation - SerialIteration: 9000 2 867 
2016-07-27 23:53:23,727 [main] TRACE experiment.runtime.SensitivityAnalysis.SensitivityAnalysisEvaluation - SerialIteration: 9500 2 868 
2016-07-27 23:54:13,328 [main] TRACE experiment.runtime.SensitivityAnalysis.SensitivityAnalysisEvaluation - SerialIteration: 10000 2 971 
2016-07-27 23:54:15,622 [main] TRACE experiment.runtime.SensitivityAnalysis.SensitivityAnalysisEvaluation - SerialIteration: 500 3 45 
2016-07-27 23:54:20,929 [main] TRACE experiment.runtime.SensitivityAnalysis.SensitivityAnalysisEvaluation - SerialIteration: 1000 3 104 
2016-07-27 23:54:26,495 [main] TRACE experiment.runtime.SensitivityAnalysis.SensitivityAnalysisEvaluation - SerialIteration: 1500 3 109 
2016-07-27 23:54:39,047 [main] TRACE experiment.runtime.SensitivityAnalysis.SensitivityAnalysisEvaluation - SerialIteration: 2000 3 245 
2016-07-27 23:54:52,409 [main] TRACE experiment.runtime.SensitivityAnalysis.SensitivityAnalysisEvaluation - SerialIteration: 2500 3 261 
2016-07-27 23:55:04,851 [main] TRACE experiment.runtime.SensitivityAnalysis.SensitivityAnalysisEvaluation - SerialIteration: 3000 3 244 
2016-07-27 23:55:22,718 [main] TRACE experiment.runtime.SensitivityAnalysis.SensitivityAnalysisEvaluation - SerialIteration: 3500 3 350 
2016-07-27 23:55:47,048 [main] TRACE experiment.runtime.SensitivityAnalysis.SensitivityAnalysisEvaluation - SerialIteration: 4000 3 475 
2016-07-27 23:56:19,721 [main] TRACE experiment.runtime.SensitivityAnalysis.SensitivityAnalysisEvaluation - SerialIteration: 4500 3 640 
2016-07-27 23:56:50,998 [main] TRACE experiment.runtime.SensitivityAnalysis.SensitivityAnalysisEvaluation - SerialIteration: 5000 3 613 
2016-07-27 23:57:18,905 [main] TRACE experiment.runtime.SensitivityAnalysis.SensitivityAnalysisEvaluation - SerialIteration: 5500 3 546 
2016-07-27 23:57:45,345 [main] TRACE experiment.runtime.SensitivityAnalysis.SensitivityAnalysisEvaluation - SerialIteration: 6000 3 519 
2016-07-27 23:58:19,253 [main] TRACE experiment.runtime.SensitivityAnalysis.SensitivityAnalysisEvaluation - SerialIteration: 6500 3 665 
2016-07-27 23:58:58,859 [main] TRACE experiment.runtime.SensitivityAnalysis.SensitivityAnalysisEvaluation - SerialIteration: 7000 3 775 
2016-07-27 23:59:49,241 [main] TRACE experiment.runtime.SensitivityAnalysis.SensitivityAnalysisEvaluation - SerialIteration: 7500 3 985 
2016-07-28 00:00:52,274 [main] TRACE experiment.runtime.SensitivityAnalysis.SensitivityAnalysisEvaluation - SerialIteration: 8000 3 1236 
2016-07-28 00:01:52,021 [main] TRACE experiment.runtime.SensitivityAnalysis.SensitivityAnalysisEvaluation - SerialIteration: 8500 3 1168 
2016-07-28 00:02:49,382 [main] TRACE experiment.runtime.SensitivityAnalysis.SensitivityAnalysisEvaluation - SerialIteration: 9000 3 1124 
2016-07-28 00:03:48,791 [main] TRACE experiment.runtime.SensitivityAnalysis.SensitivityAnalysisEvaluation - SerialIteration: 9500 3 1162 
2016-07-28 00:04:52,066 [main] TRACE experiment.runtime.SensitivityAnalysis.SensitivityAnalysisEvaluation - SerialIteration: 10000 3 1239 
2016-07-28 00:04:54,957 [main] TRACE experiment.runtime.SensitivityAnalysis.SensitivityAnalysisEvaluation - SerialIteration: 500 4 56 
2016-07-28 00:05:01,255 [main] TRACE experiment.runtime.SensitivityAnalysis.SensitivityAnalysisEvaluation - SerialIteration: 1000 4 123 
2016-07-28 00:05:08,135 [main] TRACE experiment.runtime.SensitivityAnalysis.SensitivityAnalysisEvaluation - SerialIteration: 1500 4 133 
2016-07-28 00:05:23,496 [main] TRACE experiment.runtime.SensitivityAnalysis.SensitivityAnalysisEvaluation - SerialIteration: 2000 4 301 
2016-07-28 00:05:39,752 [main] TRACE experiment.runtime.SensitivityAnalysis.SensitivityAnalysisEvaluation - SerialIteration: 2500 4 319 
2016-07-28 00:05:53,941 [main] TRACE experiment.runtime.SensitivityAnalysis.SensitivityAnalysisEvaluation - SerialIteration: 3000 4 278 
2016-07-28 00:06:17,307 [main] TRACE experiment.runtime.SensitivityAnalysis.SensitivityAnalysisEvaluation - SerialIteration: 3500 4 456 
2016-07-28 00:06:48,324 [main] TRACE experiment.runtime.SensitivityAnalysis.SensitivityAnalysisEvaluation - SerialIteration: 4000 4 605 
2016-07-28 00:07:25,223 [main] TRACE experiment.runtime.SensitivityAnalysis.SensitivityAnalysisEvaluation - SerialIteration: 4500 4 724 
2016-07-28 00:08:00,234 [main] TRACE experiment.runtime.SensitivityAnalysis.SensitivityAnalysisEvaluation - SerialIteration: 5000 4 687 
2016-07-28 00:08:34,576 [main] TRACE experiment.runtime.SensitivityAnalysis.SensitivityAnalysisEvaluation - SerialIteration: 5500 4 672 
2016-07-28 00:09:18,879 [main] TRACE experiment.runtime.SensitivityAnalysis.SensitivityAnalysisEvaluation - SerialIteration: 6000 4 869 
2016-07-28 00:10:09,980 [main] TRACE experiment.runtime.SensitivityAnalysis.SensitivityAnalysisEvaluation - SerialIteration: 6500 4 1004 
2016-07-28 00:11:05,481 [main] TRACE experiment.runtime.SensitivityAnalysis.SensitivityAnalysisEvaluation - SerialIteration: 7000 4 1088 
2016-07-28 00:12:09,026 [main] TRACE experiment.runtime.SensitivityAnalysis.SensitivityAnalysisEvaluation - SerialIteration: 7500 4 1249 
2016-07-28 00:13:21,342 [main] TRACE experiment.runtime.SensitivityAnalysis.SensitivityAnalysisEvaluation - SerialIteration: 8000 4 1419 
2016-07-28 00:14:33,398 [main] TRACE experiment.runtime.SensitivityAnalysis.SensitivityAnalysisEvaluation - SerialIteration: 8500 4 1413 
2016-07-28 00:15:44,525 [main] TRACE experiment.runtime.SensitivityAnalysis.SensitivityAnalysisEvaluation - SerialIteration: 9000 4 1394 
2016-07-28 00:16:54,964 [main] TRACE experiment.runtime.SensitivityAnalysis.SensitivityAnalysisEvaluation - SerialIteration: 9500 4 1375 
2016-07-28 00:18:13,246 [main] TRACE experiment.runtime.SensitivityAnalysis.SensitivityAnalysisEvaluation - SerialIteration: 10000 4 1531 
2016-07-28 00:18:16,592 [main] TRACE experiment.runtime.SensitivityAnalysis.SensitivityAnalysisEvaluation - SerialIteration: 500 5 65 
2016-07-28 00:18:24,264 [main] TRACE experiment.runtime.SensitivityAnalysis.SensitivityAnalysisEvaluation - SerialIteration: 1000 5 150 
2016-07-28 00:18:33,351 [main] TRACE experiment.runtime.SensitivityAnalysis.SensitivityAnalysisEvaluation - SerialIteration: 1500 5 178 
2016-07-28 00:18:54,043 [main] TRACE experiment.runtime.SensitivityAnalysis.SensitivityAnalysisEvaluation - SerialIteration: 2000 5 407 
2016-07-28 00:19:13,561 [main] TRACE experiment.runtime.SensitivityAnalysis.SensitivityAnalysisEvaluation - SerialIteration: 2500 5 383 
2016-07-28 00:19:34,043 [main] TRACE experiment.runtime.SensitivityAnalysis.SensitivityAnalysisEvaluation - SerialIteration: 3000 5 400 
2016-07-28 00:20:03,241 [main] TRACE experiment.runtime.SensitivityAnalysis.SensitivityAnalysisEvaluation - SerialIteration: 3500 5 573 
2016-07-28 00:20:38,978 [main] TRACE experiment.runtime.SensitivityAnalysis.SensitivityAnalysisEvaluation - SerialIteration: 4000 5 700 
2016-07-28 00:21:19,049 [main] TRACE experiment.runtime.SensitivityAnalysis.SensitivityAnalysisEvaluation - SerialIteration: 4500 5 783 
2016-07-28 00:22:03,676 [main] TRACE experiment.runtime.SensitivityAnalysis.SensitivityAnalysisEvaluation - SerialIteration: 5000 5 874 
2016-07-28 00:22:44,856 [main] TRACE experiment.runtime.SensitivityAnalysis.SensitivityAnalysisEvaluation - SerialIteration: 5500 5 807 
2016-07-28 00:23:23,292 [main] TRACE experiment.runtime.SensitivityAnalysis.SensitivityAnalysisEvaluation - SerialIteration: 6000 5 754 
2016-07-28 00:24:15,655 [main] TRACE experiment.runtime.SensitivityAnalysis.SensitivityAnalysisEvaluation - SerialIteration: 6500 5 1025 
2016-07-28 00:25:30,355 [main] TRACE experiment.runtime.SensitivityAnalysis.SensitivityAnalysisEvaluation - SerialIteration: 7000 5 1467 
2016-07-28 00:26:48,578 [main] TRACE experiment.runtime.SensitivityAnalysis.SensitivityAnalysisEvaluation - SerialIteration: 7500 5 1537 
2016-07-28 00:28:11,464 [main] TRACE experiment.runtime.SensitivityAnalysis.SensitivityAnalysisEvaluation - SerialIteration: 8000 5 1624 
2016-07-28 00:29:42,022 [main] TRACE experiment.runtime.SensitivityAnalysis.SensitivityAnalysisEvaluation - SerialIteration: 8500 5 1772 
2016-07-28 00:31:18,440 [main] TRACE experiment.runtime.SensitivityAnalysis.SensitivityAnalysisEvaluation - SerialIteration: 9000 5 1895 
2016-07-28 00:32:45,007 [main] TRACE experiment.runtime.SensitivityAnalysis.SensitivityAnalysisEvaluation - SerialIteration: 9500 5 1696 
2016-07-28 00:34:24,218 [main] TRACE experiment.runtime.SensitivityAnalysis.SensitivityAnalysisEvaluation - SerialIteration: 10000 5 1944 
2016-07-28 00:34:24,218 [main] TRACE experiment.runtime.SensitivityAnalysis.SensitivityAnalysisEvaluation - End SerialIteration evaluation 
2016-07-28 00:34:24,218 [main] TRACE experiment.runtime.SensitivityAnalysis.SensitivityAnalysisEvaluation - Beginning InterleavedIteration evaluation 
2016-07-28 00:34:25,514 [main] TRACE experiment.runtime.SensitivityAnalysis.SensitivityAnalysisEvaluation - InterleavedIteration: 500 1 25 
2016-07-28 00:34:28,271 [main] TRACE experiment.runtime.SensitivityAnalysis.SensitivityAnalysisEvaluation - InterleavedIteration: 1000 1 54 
2016-07-28 00:34:31,132 [main] TRACE experiment.runtime.SensitivityAnalysis.SensitivityAnalysisEvaluation - InterleavedIteration: 1500 1 56 
2016-07-28 00:34:38,088 [main] TRACE experiment.runtime.SensitivityAnalysis.SensitivityAnalysisEvaluation - InterleavedIteration: 2000 1 136 
2016-07-28 00:34:45,345 [main] TRACE experiment.runtime.SensitivityAnalysis.SensitivityAnalysisEvaluation - InterleavedIteration: 2500 1 142 
2016-07-28 00:34:51,843 [main] TRACE experiment.runtime.SensitivityAnalysis.SensitivityAnalysisEvaluation - InterleavedIteration: 3000 1 127 
2016-07-28 00:35:01,798 [main] TRACE experiment.runtime.SensitivityAnalysis.SensitivityAnalysisEvaluation - InterleavedIteration: 3500 1 195 
2016-07-28 00:35:14,854 [main] TRACE experiment.runtime.SensitivityAnalysis.SensitivityAnalysisEvaluation - InterleavedIteration: 4000 1 256 
2016-07-28 00:35:30,038 [main] TRACE experiment.runtime.SensitivityAnalysis.SensitivityAnalysisEvaluation - InterleavedIteration: 4500 1 296 
2016-07-28 00:35:46,067 [main] TRACE experiment.runtime.SensitivityAnalysis.SensitivityAnalysisEvaluation - InterleavedIteration: 5000 1 315 
2016-07-28 00:36:01,964 [main] TRACE experiment.runtime.SensitivityAnalysis.SensitivityAnalysisEvaluation - InterleavedIteration: 5500 1 312 
2016-07-28 00:36:16,316 [main] TRACE experiment.runtime.SensitivityAnalysis.SensitivityAnalysisEvaluation - InterleavedIteration: 6000 1 281 
2016-07-28 00:36:32,775 [main] TRACE experiment.runtime.SensitivityAnalysis.SensitivityAnalysisEvaluation - InterleavedIteration: 6500 1 322 
2016-07-28 00:36:53,517 [main] TRACE experiment.runtime.SensitivityAnalysis.SensitivityAnalysisEvaluation - InterleavedIteration: 7000 1 405 
2016-07-28 00:37:19,839 [main] TRACE experiment.runtime.SensitivityAnalysis.SensitivityAnalysisEvaluation - InterleavedIteration: 7500 1 516 
2016-07-28 00:37:55,493 [main] TRACE experiment.runtime.SensitivityAnalysis.SensitivityAnalysisEvaluation - InterleavedIteration: 8000 1 700 
2016-07-28 00:38:35,457 [main] TRACE experiment.runtime.SensitivityAnalysis.SensitivityAnalysisEvaluation - InterleavedIteration: 8500 1 783 
2016-07-28 00:39:14,631 [main] TRACE experiment.runtime.SensitivityAnalysis.SensitivityAnalysisEvaluation - InterleavedIteration: 9000 1 768 
2016-07-28 00:39:53,144 [main] TRACE experiment.runtime.SensitivityAnalysis.SensitivityAnalysisEvaluation - InterleavedIteration: 9500 1 752 
2016-07-28 00:40:31,023 [main] TRACE experiment.runtime.SensitivityAnalysis.SensitivityAnalysisEvaluation - InterleavedIteration: 10000 1 742 
2016-07-28 00:40:32,882 [main] TRACE experiment.runtime.SensitivityAnalysis.SensitivityAnalysisEvaluation - InterleavedIteration: 500 2 36 
2016-07-28 00:40:37,137 [main] TRACE experiment.runtime.SensitivityAnalysis.SensitivityAnalysisEvaluation - InterleavedIteration: 1000 2 83 
2016-07-28 00:40:41,739 [main] TRACE experiment.runtime.SensitivityAnalysis.SensitivityAnalysisEvaluation - InterleavedIteration: 1500 2 90 
2016-07-28 00:40:51,248 [main] TRACE experiment.runtime.SensitivityAnalysis.SensitivityAnalysisEvaluation - InterleavedIteration: 2000 2 186 
2016-07-28 00:41:01,590 [main] TRACE experiment.runtime.SensitivityAnalysis.SensitivityAnalysisEvaluation - InterleavedIteration: 2500 2 202 
2016-07-28 00:41:11,673 [main] TRACE experiment.runtime.SensitivityAnalysis.SensitivityAnalysisEvaluation - InterleavedIteration: 3000 2 198 
2016-07-28 00:41:26,799 [main] TRACE experiment.runtime.SensitivityAnalysis.SensitivityAnalysisEvaluation - InterleavedIteration: 3500 2 297 
2016-07-28 00:41:46,008 [main] TRACE experiment.runtime.SensitivityAnalysis.SensitivityAnalysisEvaluation - InterleavedIteration: 4000 2 376 
2016-07-28 00:42:07,535 [main] TRACE experiment.runtime.SensitivityAnalysis.SensitivityAnalysisEvaluation - InterleavedIteration: 4500 2 421 
2016-07-28 00:42:29,573 [main] TRACE experiment.runtime.SensitivityAnalysis.SensitivityAnalysisEvaluation - InterleavedIteration: 5000 2 433 
2016-07-28 00:42:52,140 [main] TRACE experiment.runtime.SensitivityAnalysis.SensitivityAnalysisEvaluation - InterleavedIteration: 5500 2 442 
2016-07-28 00:43:15,540 [main] TRACE experiment.runtime.SensitivityAnalysis.SensitivityAnalysisEvaluation - InterleavedIteration: 6000 2 459 
2016-07-28 00:43:47,886 [main] TRACE experiment.runtime.SensitivityAnalysis.SensitivityAnalysisEvaluation - InterleavedIteration: 6500 2 635 
2016-07-28 00:44:30,932 [main] TRACE experiment.runtime.SensitivityAnalysis.SensitivityAnalysisEvaluation - InterleavedIteration: 7000 2 845 
2016-07-28 00:45:20,127 [main] TRACE experiment.runtime.SensitivityAnalysis.SensitivityAnalysisEvaluation - InterleavedIteration: 7500 2 968 
2016-07-28 00:46:10,481 [main] TRACE experiment.runtime.SensitivityAnalysis.SensitivityAnalysisEvaluation - InterleavedIteration: 8000 2 985 
2016-07-28 00:46:57,809 [main] TRACE experiment.runtime.SensitivityAnalysis.SensitivityAnalysisEvaluation - InterleavedIteration: 8500 2 928 
2016-07-28 00:47:48,894 [main] TRACE experiment.runtime.SensitivityAnalysis.SensitivityAnalysisEvaluation - InterleavedIteration: 9000 2 1003 
2016-07-28 00:48:34,363 [main] TRACE experiment.runtime.SensitivityAnalysis.SensitivityAnalysisEvaluation - InterleavedIteration: 9500 2 889 
2016-07-28 00:49:20,561 [main] TRACE experiment.runtime.SensitivityAnalysis.SensitivityAnalysisEvaluation - InterleavedIteration: 10000 2 905 
2016-07-28 00:49:22,700 [main] TRACE experiment.runtime.SensitivityAnalysis.SensitivityAnalysisEvaluation - InterleavedIteration: 500 3 41 
2016-07-28 00:49:27,463 [main] TRACE experiment.runtime.SensitivityAnalysis.SensitivityAnalysisEvaluation - InterleavedIteration: 1000 3 93 
2016-07-28 00:49:32,454 [main] TRACE experiment.runtime.SensitivityAnalysis.SensitivityAnalysisEvaluation - InterleavedIteration: 1500 3 97 
2016-07-28 00:49:43,607 [main] TRACE experiment.runtime.SensitivityAnalysis.SensitivityAnalysisEvaluation - InterleavedIteration: 2000 3 218 
2016-07-28 00:49:55,151 [main] TRACE experiment.runtime.SensitivityAnalysis.SensitivityAnalysisEvaluation - InterleavedIteration: 2500 3 226 
2016-07-28 00:50:07,579 [main] TRACE experiment.runtime.SensitivityAnalysis.SensitivityAnalysisEvaluation - InterleavedIteration: 3000 3 243 
2016-07-28 00:50:26,104 [main] TRACE experiment.runtime.SensitivityAnalysis.SensitivityAnalysisEvaluation - InterleavedIteration: 3500 3 363 
2016-07-28 00:50:55,582 [main] TRACE experiment.runtime.SensitivityAnalysis.SensitivityAnalysisEvaluation - InterleavedIteration: 4000 3 578 
2016-07-28 00:51:27,142 [main] TRACE experiment.runtime.SensitivityAnalysis.SensitivityAnalysisEvaluation - InterleavedIteration: 4500 3 619 
2016-07-28 00:51:58,246 [main] TRACE experiment.runtime.SensitivityAnalysis.SensitivityAnalysisEvaluation - InterleavedIteration: 5000 3 610 
2016-07-28 00:52:28,829 [main] TRACE experiment.runtime.SensitivityAnalysis.SensitivityAnalysisEvaluation - InterleavedIteration: 5500 3 600 
2016-07-28 00:52:57,523 [main] TRACE experiment.runtime.SensitivityAnalysis.SensitivityAnalysisEvaluation - InterleavedIteration: 6000 3 561 
2016-07-28 00:53:35,352 [main] TRACE experiment.runtime.SensitivityAnalysis.SensitivityAnalysisEvaluation - InterleavedIteration: 6500 3 739 
2016-07-28 00:54:29,464 [main] TRACE experiment.runtime.SensitivityAnalysis.SensitivityAnalysisEvaluation - InterleavedIteration: 7000 3 1055 
2016-07-28 00:55:37,848 [main] TRACE experiment.runtime.SensitivityAnalysis.SensitivityAnalysisEvaluation - InterleavedIteration: 7500 3 1337 
2016-07-28 00:56:51,960 [main] TRACE experiment.runtime.SensitivityAnalysis.SensitivityAnalysisEvaluation - InterleavedIteration: 8000 3 1454 
2016-07-28 00:57:59,591 [main] TRACE experiment.runtime.SensitivityAnalysis.SensitivityAnalysisEvaluation - InterleavedIteration: 8500 3 1328 
2016-07-28 00:59:04,680 [main] TRACE experiment.runtime.SensitivityAnalysis.SensitivityAnalysisEvaluation - InterleavedIteration: 9000 3 1278 
2016-07-28 01:00:08,611 [main] TRACE experiment.runtime.SensitivityAnalysis.SensitivityAnalysisEvaluation - InterleavedIteration: 9500 3 1254 
2016-07-28 01:01:16,883 [main] TRACE experiment.runtime.SensitivityAnalysis.SensitivityAnalysisEvaluation - InterleavedIteration: 10000 3 1336 
2016-07-28 01:01:19,761 [main] TRACE experiment.runtime.SensitivityAnalysis.SensitivityAnalysisEvaluation - InterleavedIteration: 500 4 56 
2016-07-28 01:01:26,954 [main] TRACE experiment.runtime.SensitivityAnalysis.SensitivityAnalysisEvaluation - InterleavedIteration: 1000 4 141 
2016-07-28 01:01:34,026 [main] TRACE experiment.runtime.SensitivityAnalysis.SensitivityAnalysisEvaluation - InterleavedIteration: 1500 4 139 
2016-07-28 01:01:49,644 [main] TRACE experiment.runtime.SensitivityAnalysis.SensitivityAnalysisEvaluation - InterleavedIteration: 2000 4 306 
2016-07-28 01:02:04,568 [main] TRACE experiment.runtime.SensitivityAnalysis.SensitivityAnalysisEvaluation - InterleavedIteration: 2500 4 292 
2016-07-28 01:02:18,915 [main] TRACE experiment.runtime.SensitivityAnalysis.SensitivityAnalysisEvaluation - InterleavedIteration: 3000 4 281 
2016-07-28 01:02:41,886 [main] TRACE experiment.runtime.SensitivityAnalysis.SensitivityAnalysisEvaluation - InterleavedIteration: 3500 4 450 
2016-07-28 01:03:17,448 [main] TRACE experiment.runtime.SensitivityAnalysis.SensitivityAnalysisEvaluation - InterleavedIteration: 4000 4 697 
2016-07-28 01:03:55,854 [main] TRACE experiment.runtime.SensitivityAnalysis.SensitivityAnalysisEvaluation - InterleavedIteration: 4500 4 751 
2016-07-28 01:04:34,312 [main] TRACE experiment.runtime.SensitivityAnalysis.SensitivityAnalysisEvaluation - InterleavedIteration: 5000 4 754 
2016-07-28 01:05:13,252 [main] TRACE experiment.runtime.SensitivityAnalysis.SensitivityAnalysisEvaluation - InterleavedIteration: 5500 4 764 
2016-07-28 01:05:51,984 [main] TRACE experiment.runtime.SensitivityAnalysis.SensitivityAnalysisEvaluation - InterleavedIteration: 6000 4 759 
2016-07-28 01:06:38,960 [main] TRACE experiment.runtime.SensitivityAnalysis.SensitivityAnalysisEvaluation - InterleavedIteration: 6500 4 922 
2016-07-28 01:07:37,773 [main] TRACE experiment.runtime.SensitivityAnalysis.SensitivityAnalysisEvaluation - InterleavedIteration: 7000 4 1153 
2016-07-28 01:08:46,673 [main] TRACE experiment.runtime.SensitivityAnalysis.SensitivityAnalysisEvaluation - InterleavedIteration: 7500 4 1352 
2016-07-28 01:10:15,643 [main] TRACE experiment.runtime.SensitivityAnalysis.SensitivityAnalysisEvaluation - InterleavedIteration: 8000 4 1734 
2016-07-28 01:11:53,244 [main] TRACE experiment.runtime.SensitivityAnalysis.SensitivityAnalysisEvaluation - InterleavedIteration: 8500 4 1917 
2016-07-28 01:13:24,687 [main] TRACE experiment.runtime.SensitivityAnalysis.SensitivityAnalysisEvaluation - InterleavedIteration: 9000 4 1796 
2016-07-28 01:14:41,485 [main] TRACE experiment.runtime.SensitivityAnalysis.SensitivityAnalysisEvaluation - InterleavedIteration: 9500 4 1506 
2016-07-28 01:16:05,550 [main] TRACE experiment.runtime.SensitivityAnalysis.SensitivityAnalysisEvaluation - InterleavedIteration: 10000 4 1650 
2016-07-28 01:16:08,547 [main] TRACE experiment.runtime.SensitivityAnalysis.SensitivityAnalysisEvaluation - InterleavedIteration: 500 5 58 
2016-07-28 01:16:15,634 [main] TRACE experiment.runtime.SensitivityAnalysis.SensitivityAnalysisEvaluation - InterleavedIteration: 1000 5 138 
2016-07-28 01:16:22,789 [main] TRACE experiment.runtime.SensitivityAnalysis.SensitivityAnalysisEvaluation - InterleavedIteration: 1500 5 140 
2016-07-28 01:16:39,968 [main] TRACE experiment.runtime.SensitivityAnalysis.SensitivityAnalysisEvaluation - InterleavedIteration: 2000 5 337 
2016-07-28 01:16:58,436 [main] TRACE experiment.runtime.SensitivityAnalysis.SensitivityAnalysisEvaluation - InterleavedIteration: 2500 5 362 
2016-07-28 01:17:16,459 [main] TRACE experiment.runtime.SensitivityAnalysis.SensitivityAnalysisEvaluation - InterleavedIteration: 3000 5 353 
2016-07-28 01:17:47,480 [main] TRACE experiment.runtime.SensitivityAnalysis.SensitivityAnalysisEvaluation - InterleavedIteration: 3500 5 608 
2016-07-28 01:18:33,697 [main] TRACE experiment.runtime.SensitivityAnalysis.SensitivityAnalysisEvaluation - InterleavedIteration: 4000 5 902 
2016-07-28 01:19:20,968 [main] TRACE experiment.runtime.SensitivityAnalysis.SensitivityAnalysisEvaluation - InterleavedIteration: 4500 5 926 
2016-07-28 01:20:09,730 [main] TRACE experiment.runtime.SensitivityAnalysis.SensitivityAnalysisEvaluation - InterleavedIteration: 5000 5 957 
2016-07-28 01:20:59,519 [main] TRACE experiment.runtime.SensitivityAnalysis.SensitivityAnalysisEvaluation - InterleavedIteration: 5500 5 976 
2016-07-28 01:21:49,829 [main] TRACE experiment.runtime.SensitivityAnalysis.SensitivityAnalysisEvaluation - InterleavedIteration: 6000 5 987 
2016-07-28 01:22:57,592 [main] TRACE experiment.runtime.SensitivityAnalysis.SensitivityAnalysisEvaluation - InterleavedIteration: 6500 5 1331 
2016-07-28 01:24:10,871 [main] TRACE experiment.runtime.SensitivityAnalysis.SensitivityAnalysisEvaluation - InterleavedIteration: 7000 5 1437 
2016-07-28 01:25:31,533 [main] TRACE experiment.runtime.SensitivityAnalysis.SensitivityAnalysisEvaluation - InterleavedIteration: 7500 5 1579 
2016-07-28 01:27:03,893 [main] TRACE experiment.runtime.SensitivityAnalysis.SensitivityAnalysisEvaluation - InterleavedIteration: 8000 5 1810 
2016-07-28 01:28:41,346 [main] TRACE experiment.runtime.SensitivityAnalysis.SensitivityAnalysisEvaluation - InterleavedIteration: 8500 5 1907 
2016-07-28 01:30:18,811 [main] TRACE experiment.runtime.SensitivityAnalysis.SensitivityAnalysisEvaluation - InterleavedIteration: 9000 5 1908 
2016-07-28 01:31:57,525 [main] TRACE experiment.runtime.SensitivityAnalysis.SensitivityAnalysisEvaluation - InterleavedIteration: 9500 5 1931 
2016-07-28 01:33:47,983 [main] TRACE experiment.runtime.SensitivityAnalysis.SensitivityAnalysisEvaluation - InterleavedIteration: 10000 5 2167 
2016-07-28 01:33:47,984 [main] TRACE experiment.runtime.SensitivityAnalysis.SensitivityAnalysisEvaluation - End InterleavedIteration evaluation 
