Try: 500 1 22
Try: 1000 1 33
Try: 1500 1 48
Try: 2000 1 65
Try: 2500 1 80
Try: 3000 1 110
Try: 3500 1 148
Try: 4000 1 165
Try: 4500 1 169
Try: 5000 1 181
Try: 5500 1 192
Try: 6000 1 215
Try: 6500 1 245
Try: 7000 1 288
Try: 7500 1 278
Try: 8000 1 259
Try: 8500 1 324
Try: 9000 1 373
Try: 9500 1 411
Try: 10000 1 530
Try: 500 2 20
Try: 1000 2 43
Try: 1500 2 69
Try: 2000 2 92
Try: 2500 2 114
Try: 3000 2 158
Try: 3500 2 231
Try: 4000 2 232
Try: 4500 2 251
Try: 5000 2 258
Try: 5500 2 267
Try: 6000 2 318
Try: 6500 2 347
Try: 7000 2 427
Try: 7500 2 405
Try: 8000 2 383
Try: 8500 2 486
Try: 9000 2 545
Try: 9500 2 608
Try: 10000 2 754
Try: 500 3 27
Try: 1000 3 58
Try: 1500 3 92
Try: 2000 3 120
Try: 2500 3 152
Try: 3000 3 204
Try: 3500 3 298
Try: 4000 3 305
Try: 4500 3 332
Try: 5000 3 413
Try: 5500 3 446
Try: 6000 3 505
Try: 6500 3 546
Try: 7000 3 670
Try: 7500 3 666
Try: 8000 3 595
Try: 8500 3 664
Try: 9000 3 740
Try: 9500 3 796
Try: 10000 3 1024
Try: 500 4 32
Try: 1000 4 67
Try: 1500 4 114
Try: 2000 4 153
Try: 2500 4 201
Try: 3000 4 264
Try: 3500 4 367
Try: 4000 4 385
Try: 4500 4 410
Try: 5000 4 443
Try: 5500 4 468
Try: 6000 4 537
Try: 6500 4 572
Try: 7000 4 723
Try: 7500 4 659
Try: 8000 4 626
Try: 8500 4 787
Try: 9000 4 862
Try: 9500 4 1006
Try: 10000 4 1277
Try: 500 5 40
Try: 1000 5 86
Try: 1500 5 146
Try: 2000 5 181
Try: 2500 5 231
Try: 3000 5 320
Try: 3500 5 445
Try: 4000 5 459
Try: 4500 5 479
Try: 5000 5 492
Try: 5500 5 552
Try: 6000 5 617
Try: 6500 5 671
Try: 7000 5 829
Try: 7500 5 794
Try: 8000 5 728
Try: 8500 5 958
Try: 9000 5 1062
Try: 9500 5 1162
Try: 10000 5 1509
Try: 500 6 41
Try: 1000 6 95
Try: 1500 6 158
Try: 2000 6 199
Try: 2500 6 249
Try: 3000 6 354
Try: 3500 6 506
Try: 4000 6 533
Try: 4500 6 569
Try: 5000 6 585
Try: 5500 6 620
Try: 6000 6 726
Try: 6500 6 767
Try: 7000 6 967
Try: 7500 6 908
Try: 8000 6 868
Try: 8500 6 1064
Try: 9000 6 1252
Try: 9500 6 1350
Try: 10000 6 1723
Try: 500 7 49
Try: 1000 7 114
Try: 1500 7 177
Try: 2000 7 226
Try: 2500 7 301
Try: 3000 7 405
Try: 3500 7 584
Try: 4000 7 606
Try: 4500 7 640
Try: 5000 7 668
Try: 5500 7 697
Try: 6000 7 810
Try: 6500 7 876
Try: 7000 7 1121
Try: 7500 7 1056
Try: 8000 7 960
Try: 8500 7 1249
Try: 9000 7 1397
Try: 9500 7 1555
Try: 10000 7 1989
Try: 500 8 54
Try: 1000 8 125
Try: 1500 8 203
Try: 2000 8 267
Try: 2500 8 349
Try: 3000 8 463
Try: 3500 8 642
Try: 4000 8 657
Try: 4500 8 708
Try: 5000 8 762
Try: 5500 8 794
Try: 6000 8 932
Try: 6500 8 1000
Try: 7000 8 1265
Try: 7500 8 1171
Try: 8000 8 1090
Try: 8500 8 1414
Try: 9000 8 1583
Try: 9500 8 1740
Try: 10000 8 2280
Try: 500 9 58
Try: 1000 9 137
Try: 1500 9 229
Try: 2000 9 300
Try: 2500 9 369
Try: 3000 9 514
Try: 3500 9 726
Try: 4000 9 775
Try: 4500 9 780
Try: 5000 9 799
Try: 5500 9 871
Try: 6000 9 1030
Try: 6500 9 1109
Try: 7000 9 1377
Try: 7500 9 1252
Try: 8000 9 1198
Try: 8500 9 1541
Try: 9000 9 1731
Try: 9500 9 1947
Try: 10000 9 2460
Try: 500 10 71
Try: 1000 10 154
Try: 1500 10 252
Try: 2000 10 326
Try: 2500 10 412
Try: 3000 10 568
Try: 3500 10 802
Try: 4000 10 842
Try: 4500 10 860
Try: 5000 10 919
Try: 5500 10 960
Try: 6000 10 1118
Try: 6500 10 1227
Try: 7000 10 1538
Try: 7500 10 1384
Try: 8000 10 1327
Try: 8500 10 1718
Try: 9000 10 1930
Try: 9500 10 2140
Try: 10000 10 2743

